"../../../../../Create/Projects/Unreal/Orcs_Multiplayer/Content/Sounds/hurt01.uasset" 0
"../../../../../Create/Projects/Unreal/Orcs_Multiplayer/Content/Sounds/hurt02.uasset" 1
"../../../../../Create/Projects/Unreal/Orcs_Multiplayer/Content/Sounds/stepstone_2.uasset" 2
"../../../../../Create/Projects/Unreal/Orcs_Multiplayer/Content/Sounds/stepstone_4.uasset" 3
"../../../Engine/Content/Animation/DefaultAnimCurveCompressionSettings.uasset" 4
"../../../Engine/Content/Functions/Engine_MaterialFunctions01/Opacity/CameraDepthFade.uasset" 5
"../../../Engine/Content/EngineMaterials/T_Default_Material_Grid_M.uasset" 6
"../../../Engine/Content/EngineMaterials/T_Default_Material_Grid_N.uasset" 7
"../../../Engine/Content/EngineMaterials/WorldGridMaterial.uasset" 8
"../../../Engine/Content/ArtTools/RenderToTexture/Meshes/S_1_Unit_Plane.uasset" 9
"../../../Engine/Content/EngineMaterials/DefaultMaterial.uasset" 10
"../../../Engine/Content/BasicShapes/Cone.uasset" 11
"../../../Engine/Content/BasicShapes/Cube.uasset" 12
"../../../Engine/Content/BasicShapes/Cylinder.uasset" 13
"../../../Engine/Content/BasicShapes/Plane.uasset" 14
"../../../Engine/Content/BasicShapes/Sphere.uasset" 15
"../../../Engine/Content/EditorLandscapeResources/DataLayer.uasset" 16
"../../../Engine/Content/EditorMaterials/MAT_Groups_Toggle.uasset" 17
"../../../Engine/Content/EditorMaterials/MAT_Groups_Visibility.uasset" 18
"../../../Engine/Content/EditorMaterials/PreviewShadowIndicator.uasset" 19
"../../../Engine/Content/EditorMaterials/PreviewShadowIndicatorMaterial.uasset" 20
"../../../Engine/Content/EditorMaterials/MatineeGroups/MAT_ColorTrack.uasset" 21
"../../../Engine/Content/EditorMaterials/MatineeGroups/MAT_Groups_Anim.uasset" 22
"../../../Engine/Content/EditorMaterials/MatineeGroups/MAT_Groups_AudioMaster.uasset" 23
"../../../Engine/Content/EditorMaterials/MatineeGroups/MAT_Groups_Director.uasset" 24
"../../../Engine/Content/EditorMaterials/MatineeGroups/MAT_Groups_Event.uasset" 25
"../../../Engine/Content/EditorMaterials/MatineeGroups/MAT_Groups_Fade.uasset" 26
"../../../Engine/Content/EditorMaterials/MatineeGroups/MAT_Groups_Float.uasset" 27
"../../../Engine/Content/EditorMaterials/MatineeGroups/MAT_Groups_Move.uasset" 28
"../../../Engine/Content/EditorMaterials/MatineeGroups/MAT_Groups_Slomo.uasset" 29
"../../../Engine/Content/EditorMaterials/MatineeGroups/MAT_Groups_Sound.uasset" 30
"../../../Engine/Content/EditorMaterials/MatineeGroups/MAT_Groups_Vector.uasset" 31
"../../../Engine/Content/EditorMaterials/ParticleSystems/PSysThumbnail_NoImage.uasset" 32
"../../../Engine/Content/EditorMaterials/ParticleSystems/PSysThumbnail_OOD.uasset" 33
"../../../Engine/Content/EditorMaterials/Camera/CineMat.uasset" 34
"../../../Engine/Content/EditorMaterials/Camera/MI_CineMat_Rig.uasset" 35
"../../../Engine/Content/EditorMeshes/Camera/SM_CraneRig_Arm.uasset" 36
"../../../Engine/Content/EditorMeshes/Camera/SM_CraneRig_Base.uasset" 37
"../../../Engine/Content/EditorMeshes/Camera/SM_CraneRig_Body.uasset" 38
"../../../Engine/Content/EditorMeshes/Camera/SM_CraneRig_Mount.uasset" 39
"../../../Engine/Content/EditorMeshes/Camera/SM_RailRig_Mount.uasset" 40
"../../../Engine/Content/EditorMeshes/Camera/SM_RailRig_Track.uasset" 41
"../../../Engine/Content/EditorResources/BSPVertex.uasset" 42
"../../../Engine/Content/EditorResources/EmptyActor.uasset" 43
"../../../Engine/Content/EditorResources/S_Actor.uasset" 44
"../../../Engine/Content/EditorResources/S_Note.uasset" 45
"../../../Engine/Content/EditorResources/S_Solver.uasset" 46
"../../../Engine/Content/EditorResources/S_Trigger.uasset" 47
"../../../Engine/Content/EditorResources/SequenceRecorder/Countdown.uasset" 48
"../../../Engine/Content/EditorResources/SequenceRecorder/RecordingIndicator.uasset" 49
"../../../Engine/Content/EditorSounds/Notifications/CompileFailed.uasset" 50
"../../../Engine/Content/EditorSounds/Notifications/CompileFailed_Cue.uasset" 51
"../../../Engine/Content/EditorSounds/Notifications/CompileSuccess.uasset" 52
"../../../Engine/Content/EditorSounds/Notifications/CompileStart_Cue.uasset" 53
"../../../Engine/Content/EditorSounds/Notifications/CompileSuccess_Cue.uasset" 54
"../../../Engine/Content/EngineDamageTypes/DmgTypeBP_Environmental.uasset" 55
"../../../Engine/Content/EngineDebugMaterials/DebugEditorMaterial.uasset" 56
"../../../Engine/Content/EngineDebugMaterials/DebugMeshMaterial.uasset" 57
"../../../Engine/Content/EngineDebugMaterials/M_SimpleUnlitTranslucent.uasset" 58
"../../../Engine/Content/Functions/Engine_MaterialFunctions02/Utility/CameraDirectionVector.uasset" 59
"../../../Engine/Content/EngineDebugMaterials/VolumeToRender.uasset" 60
"../../../Engine/Content/EngineDebugMaterials/M_VolumeRenderSphereTracePP.uasset" 61
"../../../Engine/Content/EngineDebugMaterials/WireframeMaterial.uasset" 62
"../../../Engine/Content/EngineFonts/Faces/DroidSansFallback.uasset" 63
"../../../Engine/Content/EngineFonts/Faces/RobotoBold.uasset" 64
"../../../Engine/Content/EngineFonts/Faces/RobotoBoldItalic.uasset" 65
"../../../Engine/Content/EngineFonts/Faces/RobotoItalic.uasset" 66
"../../../Engine/Content/EngineFonts/Faces/RobotoLight.uasset" 67
"../../../Engine/Content/EngineFonts/Faces/RobotoRegular.uasset" 68
"../../../Engine/Content/EngineFonts/Roboto.uasset" 69
"../../../Engine/Content/EngineMaterials/BaseFlattenDiffuseMap.uasset" 70
"../../../Engine/Content/EngineMaterials/BaseFlattenEmissiveMap.uasset" 71
"../../../Engine/Content/EngineMaterials/BaseFlattenGrayscaleMap.uasset" 72
"../../../Engine/Content/EngineMaterials/BaseFlattenNormalMap.uasset" 73
"../../../Engine/Content/EngineMaterials/BaseFlattenMaterial.uasset" 74
"../../../Engine/Content/EngineMaterials/BlueNoise.uasset" 75
"../../../Engine/Content/EngineMaterials/DefaultBloomKernel.uasset" 76
"../../../Engine/Content/EngineMaterials/DefaultBokeh.uasset" 77
"../../../Engine/Content/EngineMaterials/DefaultDiffuse.uasset" 78
"../../../Engine/Content/EngineMaterials/DefaultDeferredDecalMaterial.uasset" 79
"../../../Engine/Content/EngineMaterials/DefaultLightFunctionMaterial.uasset" 80
"../../../Engine/Content/EngineMaterials/DefaultPhysicalMaterial.uasset" 81
"../../../Engine/Content/Functions/Engine_MaterialFunctions02/Utility/BreakOutFloat2Components.uasset" 82
"../../../Engine/Content/EngineMaterials/DefaultPostProcessMaterial.uasset" 83
"../../../Engine/Content/EngineFonts/RobotoDistanceField.uasset" 84
"../../../Engine/Content/EngineMaterials/DefaultTextMaterialOpaque.uasset" 85
"../../../Engine/Content/EngineMaterials/DefaultWhiteGrid.uasset" 86
"../../../Engine/Content/EngineMaterials/DefaultWhiteGrid_Low.uasset" 87
"../../../Engine/Content/EngineMaterials/EmissiveMeshMaterial.uasset" 88
"../../../Engine/Content/EngineMaterials/GizmoMaterial.uasset" 89
"../../../Engine/Content/EngineMaterials/Good64x64TilingNoiseHighFreq.uasset" 90
"../../../Engine/Content/EngineMaterials/MiniFont.uasset" 91
"../../../Engine/Content/EngineMaterials/InvalidLightmapSettings.uasset" 92
"../../../Engine/Content/EngineMaterials/M_InvalidLightmapSettings.uasset" 93
"../../../Engine/Content/Functions/Engine_MaterialFunctions02/WorldPositionOffset/CameraOffset.uasset" 94
"../../../Engine/Content/EngineMaterials/PhAT_JointLimitMaterial.uasset" 95
"../../../Engine/Content/EngineMaterials/PreintegratedSkinBRDF.uasset" 96
"../../../Engine/Content/EngineMaterials/RemoveSurfaceMaterial.uasset" 97
"../../../Engine/Content/EngineMaterials/WeightMapPlaceholderTexture.uasset" 98
"../../../Engine/Content/EngineResources/WhiteSquareTexture.uasset" 99
"../../../Engine/Content/EngineMaterials/Widget3DPassThrough.uasset" 100
"../../../Engine/Content/EngineMaterials/Widget3DPassThrough_Masked.uasset" 101
"../../../Engine/Content/EngineMaterials/Widget3DPassThrough_Opaque.uasset" 102
"../../../Engine/Content/EngineMaterials/Widget3DPassThrough_Masked_OneSided.uasset" 103
"../../../Engine/Content/EngineMaterials/Widget3DPassThrough_Opaque_OneSided.uasset" 104
"../../../Engine/Content/EngineMaterials/Widget3DPassThrough_Translucent.uasset" 105
"../../../Engine/Content/EngineMaterials/Widget3DPassThrough_Translucent_OneSided.uasset" 106
"../../../Engine/Content/EngineMeshes/Cylinder.uasset" 107
"../../../Engine/Content/EngineMeshes/Sphere.uasset" 108
"../../../Engine/Content/EngineResources/Black.uasset" 109
"../../../Engine/Content/EngineResources/DefaultTexture.uasset" 110
"../../../Engine/Content/EngineResources/DefaultTextureCube.uasset" 111
"../../../Engine/Content/EngineResources/DefaultVolumeTexture2D.uasset" 112
"../../../Engine/Content/EngineResources/DefaultVolumeTexture.uasset" 113
"../../../Engine/Content/EngineResources/GradientTexture0.uasset" 114
"../../../Engine/Content/EngineSounds/Master.uasset" 115
"../../../Engine/Content/Functions/Engine_MaterialFunctions01/Shading/ConvertFromDiffSpec.uasset" 116
"../../../Engine/Content/Functions/Engine_MaterialFunctions01/Shading/PowerToRoughness.uasset" 117
"../../../Engine/Content/Maps/Templates/Thumbnails/Default.uasset" 118
"../../../Engine/Content/Maps/Templates/Thumbnails/TimeOfDay.uasset" 119
"../../../Engine/Content/Maps/Templates/Thumbnails/VR-Basic.uasset" 120
"../../../Engine/Content/MobileResources/T_MobileControls_texture.uasset" 121
"../../../Engine/Content/MobileResources/T_MobileMenu2.uasset" 122
"../../../Engine/Content/MobileResources/HUD/AnalogHat.uasset" 123
"../../../Engine/Content/MobileResources/HUD/VirtualJoystick_Background.uasset" 124
"../../../Engine/Content/MobileResources/HUD/VirtualJoystick_Thumb.uasset" 125
"../../../Engine/Content/MobileResources/HUD/DefaultVirtualJoysticks.uasset" 126
"../../../Engine/Content/MobileResources/HUD/LeftVirtualJoystickOnly.uasset" 127
"../../../Engine/Content/MobileResources/HUD/MobileHUDButton1_off.uasset" 128
"../../../Engine/Content/MobileResources/HUD/MobileHUDButton1_on.uasset" 129
"../../../Engine/Content/MobileResources/HUD/MobileHUDButton2_off.uasset" 130
"../../../Engine/Content/MobileResources/HUD/MobileHUDButton2_on.uasset" 131
"../../../Engine/Content/MobileResources/HUD/MobileHUDButton3.uasset" 132
"../../../Engine/Content/MobileResources/HUD/MobileHUDButtonFire.uasset" 133
"../../../Engine/Content/MobileResources/HUD/MobileHUDDirectionPad.uasset" 134
"../../../Engine/Content/MobileResources/HUD/MobileHUDDirectionPad2.uasset" 135
"../../../Engine/Content/MobileResources/HUD/MobileHUDDirectionPad3.uasset" 136
"../../../Engine/Content/MobileResources/HUD/MobileHUDDirectionStick.uasset" 137
"../../../Engine/Content/MobileResources/HUD/T_Castle_ThumbstickInner.uasset" 138
"../../../Engine/Content/MobileResources/HUD/T_Castle_ThumbstickOutter.uasset" 139
"../../../Engine/Content/Tutorial/ContentIntroCurve.uasset" 140
"../../../Engine/Content/Tutorial/Basics/LevelEditorAttract.uasset" 141
"../../../Engine/Content/Tutorial/Basics/TutorialAssets/icon_tab_Levels_40x.uasset" 142
"../../../Engine/Content/Tutorial/Basics/LevelEditorOverview.uasset" 143
"../../../Engine/Content/Tutorial/BlueprintTutorials/TutorialAssets/Blueprint_64x.uasset" 144
"../../../Engine/Content/Tutorial/BlueprintTutorials/BlueprintEditorTutorial.uasset" 145
"../../../Engine/Content/VREditor/LaserPointer/VR_LaserPower_01.uasset" 146
"../../../Engine/Content/VREditor/TransformGizmo/TransformGizmoMaterial.uasset" 147
"../../../Engine/Content/VREditor/TransformGizmo/TranslucentTransformGizmoMaterial.uasset" 148
"../../../Engine/Content/VREditor/TransformGizmo/BoundingBoxCorner.uasset" 149
"../../../Engine/Content/VREditor/TransformGizmo/BoundingBoxEdge.uasset" 150
"../../../Engine/Content/VREditor/TransformGizmo/PlaneTranslationHandle.uasset" 151
"../../../Engine/Content/VREditor/TransformGizmo/Main.uasset" 152
"../../../Engine/Content/VREditor/TransformGizmo/Xray.uasset" 153
"../../../Engine/Content/VREditor/TransformGizmo/SM_Sequencer_Key.uasset" 154
"../../../Engine/Content/VREditor/TransformGizmo/SM_Sequencer_Node.uasset" 155
"../../Plugins/2D/Paper2D/Content/PlaceholderTextures/DummySpriteTexture.uasset" 156
"../../Plugins/2D/Paper2D/Content/DummySprite.uasset" 157
"../../Plugins/2D/Paper2D/Content/DefaultPaperTerrainMaterial.uasset" 158
"../../Plugins/2D/Paper2D/Content/DefaultSpriteMaterial.uasset" 159
"../../Plugins/2D/Paper2D/Content/MaskedUnlitSpriteMaterial.uasset" 160
"../../Plugins/2D/Paper2D/Content/OpaqueUnlitSpriteMaterial.uasset" 161
"../../Plugins/FX/Niagara/Content/Enums/ENiagaraBooleanLogicOps.uasset" 162
"../../Plugins/FX/Niagara/Content/Enums/ENiagaraCoordinateSpace.uasset" 163
"../../Plugins/FX/Niagara/Content/Enums/ENiagaraExpansionMode.uasset" 164
"../../Plugins/FX/Niagara/Content/Enums/ENiagaraOrientationAxis.uasset" 165
"../../Plugins/FX/Niagara/Content/Enums/ENiagaraRandomnessMode.uasset" 166
"../../../Engine/Content/Functions/Engine_MaterialFunctions02/Utility/BreakOutFloat4Components.uasset" 167
"../../../Engine/Content/Functions/Engine_MaterialFunctions02/Utility/MakeFloat2.uasset" 168
"../../../Engine/Content/Functions/Engine_MaterialFunctions02/Utility/MakeFloat3.uasset" 169
"../../Plugins/Runtime/Oculus/OculusVR/Content/Materials/OculusMR_ChromaKey.uasset" 170
"../../Plugins/Runtime/Oculus/OculusVR/Content/Materials/OculusMR_ChromaKey_Lit.uasset" 171
"../../Plugins/Runtime/Oculus/OculusVR/Content/Materials/OculusMR_OpaqueColoredMaterial.uasset" 172
"../../Plugins/Runtime/Oculus/OculusVR/Content/Materials/OculusMR_WhiteMaterial.uasset" 173
"../../../Engine/Content/EditorBlueprintResources/StandardMacros.uasset" 174
"../../../../../Create/Projects/Unreal/Orcs_Multiplayer/Content/Blueprints/Actors/PlayerChars/BP_CharCamera.uasset" 175
"../../../../../Create/Projects/Unreal/Orcs_Multiplayer/Content/Textures/Orcs/Orc01/Orc_1_Albedo.uasset" 176
"../../../../../Create/Projects/Unreal/Orcs_Multiplayer/Content/Textures/Orcs/Orc01/Orc_1_Ao.uasset" 177
"../../../../../Create/Projects/Unreal/Orcs_Multiplayer/Content/Textures/Orcs/Orc01/Orc_1_Metallic.uasset" 178
"../../../../../Create/Projects/Unreal/Orcs_Multiplayer/Content/Textures/Orcs/Orc01/Orc_1_Normals.uasset" 179
"../../../../../Create/Projects/Unreal/Orcs_Multiplayer/Content/SkeletalMeshes/Orcs/Orc_01/M_Orc01.uasset" 180
"../../../../../Create/Projects/Unreal/Orcs_Multiplayer/Content/SkeletalMeshes/Orcs/Orc_01/PhyA_Orc01.uasset" 181
"../../../../../Create/Projects/Unreal/Orcs_Multiplayer/Content/SkeletalMeshes/Orcs/Orc_01/SK_Orc01.uasset" 182
"../../../../../Create/Projects/Unreal/Orcs_Multiplayer/Content/SkeletalMeshes/Orcs/Orc_01/SKM_Oec01.uasset" 183
"../../../../../Create/Projects/Unreal/Orcs_Multiplayer/Content/Blueprints/Actors/PlayerChars/Char.uasset" 184
"../../../../../Create/Projects/Unreal/Orcs_Multiplayer/Content/Blueprints/Gameplay/SG_Orcs.uasset" 185
"../../../../../Create/Projects/Unreal/Orcs_Multiplayer/Content/Blueprints/Gameplay/BP_GameInstance.uasset" 186
"../../../Engine/Content/EditorBlueprintResources/ActorMacros.uasset" 187
"../../../../../Create/Projects/Unreal/Orcs_Multiplayer/Content/Data/E_PlayerState.uasset" 188
"../../../../../Create/Projects/Unreal/Orcs_Multiplayer/Content/Data/F_Playerinfo.uasset" 189
"../../../../../Create/Projects/Unreal/Orcs_Multiplayer/Content/Blueprints/Gameplay/GS_Lobby.uasset" 190
"../../../Engine/Content/Animation/DefaultAnimBoneCompressionSettings.uasset" 191
"../../../../../Create/Projects/Unreal/Orcs_Multiplayer/Content/SkeletalMeshes/Orcs/Orc_01/Animations/Orc_1_Attack_1_.uasset" 192
"../../../../../Create/Projects/Unreal/Orcs_Multiplayer/Content/SkeletalMeshes/Orcs/Orc_01/Animations/Orc_1_Attack_2_.uasset" 193
"../../../../../Create/Projects/Unreal/Orcs_Multiplayer/Content/SkeletalMeshes/Orcs/Orc_01/Animations/Orc_1_Attack_3_.uasset" 194
"../../../../../Create/Projects/Unreal/Orcs_Multiplayer/Content/SkeletalMeshes/Orcs/Orc_01/Animations/Orc_1_Attack_4_.uasset" 195
"../../../../../Create/Projects/Unreal/Orcs_Multiplayer/Content/SkeletalMeshes/Orcs/Orc_01/Animations/Orc_1_Idle.uasset" 196
"../../../../../Create/Projects/Unreal/Orcs_Multiplayer/Content/SkeletalMeshes/Orcs/Orc_01/Animations/AM_Select.uasset" 197
"../../../../../Create/Projects/Unreal/Orcs_Multiplayer/Content/SkeletalMeshes/Orcs/Orc_01/Animations/Orc_1_Run.uasset" 198
"../../../../../Create/Projects/Unreal/Orcs_Multiplayer/Content/SkeletalMeshes/Orcs/Orc_01/Animations/Orc_1_Walk.uasset" 199
"../../../../../Create/Projects/Unreal/Orcs_Multiplayer/Content/SkeletalMeshes/Orcs/Orc_01/Animations/BS_IdleWalkRun.uasset" 200
"../../../../../Create/Projects/Unreal/Orcs_Multiplayer/Content/Sounds/Steps.uasset" 201
"../../../../../Create/Projects/Unreal/Orcs_Multiplayer/Content/SkeletalMeshes/Orcs/Orc_01/Animations/ABP_Orc01_Lobby.uasset" 202
"../../../../../Create/Projects/Unreal/Orcs_Multiplayer/Content/Blueprints/Actors/PlayerChars/Selection/BP_CharSelect.uasset" 203
"../../../../../Create/Projects/Unreal/Orcs_Multiplayer/Content/Blueprints/Actors/PlayerChars/Selection/BP_CharSelect_01.uasset" 204
"../../../../../Create/Projects/Unreal/Orcs_Multiplayer/Content/SkeletalMeshes/Orcs/Orc_02/SK_Orc02.uasset" 205
"../../../../../Create/Projects/Unreal/Orcs_Multiplayer/Content/SkeletalMeshes/Orcs/Orc_02/Animations/2_Attack_1_.uasset" 206
"../../../../../Create/Projects/Unreal/Orcs_Multiplayer/Content/SkeletalMeshes/Orcs/Orc_02/Animations/2_Attack_2_.uasset" 207
"../../../../../Create/Projects/Unreal/Orcs_Multiplayer/Content/SkeletalMeshes/Orcs/Orc_02/Animations/2_Attack_3_.uasset" 208
"../../../../../Create/Projects/Unreal/Orcs_Multiplayer/Content/SkeletalMeshes/Orcs/Orc_02/Animations/2_Attack_4_.uasset" 209
"../../../../../Create/Projects/Unreal/Orcs_Multiplayer/Content/SkeletalMeshes/Orcs/Orc_02/Animations/2_Idle.uasset" 210
"../../../../../Create/Projects/Unreal/Orcs_Multiplayer/Content/SkeletalMeshes/Orcs/Orc_02/Animations/AM_Select.uasset" 211
"../../../../../Create/Projects/Unreal/Orcs_Multiplayer/Content/Textures/Orcs/Orc02/Orc_2_Albedo.uasset" 212
"../../../../../Create/Projects/Unreal/Orcs_Multiplayer/Content/Textures/Orcs/Orc02/Orc_2_Ao.uasset" 213
"../../../../../Create/Projects/Unreal/Orcs_Multiplayer/Content/Textures/Orcs/Orc02/Orc_2_Metallic.uasset" 214
"../../../../../Create/Projects/Unreal/Orcs_Multiplayer/Content/Textures/Orcs/Orc02/Orc_2_Normals.uasset" 215
"../../../../../Create/Projects/Unreal/Orcs_Multiplayer/Content/SkeletalMeshes/Orcs/Orc_02/M_Orc02.uasset" 216
"../../../../../Create/Projects/Unreal/Orcs_Multiplayer/Content/SkeletalMeshes/Orcs/Orc_02/PhyA_Orc02.uasset" 217
"../../../../../Create/Projects/Unreal/Orcs_Multiplayer/Content/SkeletalMeshes/Orcs/Orc_02/SKM_Orc02.uasset" 218
"../../../../../Create/Projects/Unreal/Orcs_Multiplayer/Content/Blueprints/Actors/PlayerChars/Selection/BP_CharSelect_02.uasset" 219
"../../../../../Create/Projects/Unreal/Orcs_Multiplayer/Content/SkeletalMeshes/Orcs/Orc_03/SK_Girra.uasset" 220
"../../../../../Create/Projects/Unreal/Orcs_Multiplayer/Content/SkeletalMeshes/Orcs/Orc_03/Animations/Orc_3_Attack_1_.uasset" 221
"../../../../../Create/Projects/Unreal/Orcs_Multiplayer/Content/SkeletalMeshes/Orcs/Orc_03/Animations/Orc_3_Attack_2_.uasset" 222
"../../../../../Create/Projects/Unreal/Orcs_Multiplayer/Content/SkeletalMeshes/Orcs/Orc_03/Animations/Orc_3_Attack_3_.uasset" 223
"../../../../../Create/Projects/Unreal/Orcs_Multiplayer/Content/SkeletalMeshes/Orcs/Orc_03/Animations/Orc_3_Attack_4_.uasset" 224
"../../../../../Create/Projects/Unreal/Orcs_Multiplayer/Content/SkeletalMeshes/Orcs/Orc_03/Animations/Orc_3_Idle.uasset" 225
"../../../../../Create/Projects/Unreal/Orcs_Multiplayer/Content/SkeletalMeshes/Orcs/Orc_03/Animations/AM_Select.uasset" 226
"../../../../../Create/Projects/Unreal/Orcs_Multiplayer/Content/Textures/Orcs/Orc03/Orc_3_Albedo.uasset" 227
"../../../../../Create/Projects/Unreal/Orcs_Multiplayer/Content/Textures/Orcs/Orc03/Orc_3_Ao.uasset" 228
"../../../../../Create/Projects/Unreal/Orcs_Multiplayer/Content/Textures/Orcs/Orc03/Orc_3_Metallic.uasset" 229
"../../../../../Create/Projects/Unreal/Orcs_Multiplayer/Content/Textures/Orcs/Orc03/Orc_3_Normals.uasset" 230
"../../../../../Create/Projects/Unreal/Orcs_Multiplayer/Content/SkeletalMeshes/Orcs/Orc_03/M_Girra.uasset" 231
"../../../../../Create/Projects/Unreal/Orcs_Multiplayer/Content/SkeletalMeshes/Orcs/Orc_03/PhyA_Girra.uasset" 232
"../../../../../Create/Projects/Unreal/Orcs_Multiplayer/Content/SkeletalMeshes/Orcs/Orc_03/SKM_Girra.uasset" 233
"../../../../../Create/Projects/Unreal/Orcs_Multiplayer/Content/Blueprints/Actors/PlayerChars/Selection/BP_CharSelect_03.uasset" 234
"../../../../../Create/Projects/Unreal/Orcs_Multiplayer/Content/SkeletalMeshes/Orcs/Orc_04/SK_Orc04.uasset" 235
"../../../../../Create/Projects/Unreal/Orcs_Multiplayer/Content/SkeletalMeshes/Orcs/Orc_04/Animations/Orc_4_Attack_1_.uasset" 236
"../../../../../Create/Projects/Unreal/Orcs_Multiplayer/Content/SkeletalMeshes/Orcs/Orc_04/Animations/Orc_4_Attack_2_.uasset" 237
"../../../../../Create/Projects/Unreal/Orcs_Multiplayer/Content/SkeletalMeshes/Orcs/Orc_04/Animations/Orc_4_Attack_3_.uasset" 238
"../../../../../Create/Projects/Unreal/Orcs_Multiplayer/Content/SkeletalMeshes/Orcs/Orc_04/Animations/Orc_4_Idle.uasset" 239
"../../../../../Create/Projects/Unreal/Orcs_Multiplayer/Content/SkeletalMeshes/Orcs/Orc_04/Animations/AM_Select.uasset" 240
"../../../../../Create/Projects/Unreal/Orcs_Multiplayer/Content/Textures/Orcs/Orc04/Orc_4_Albedo.uasset" 241
"../../../../../Create/Projects/Unreal/Orcs_Multiplayer/Content/Textures/Orcs/Orc04/Orc_4_Ao.uasset" 242
"../../../../../Create/Projects/Unreal/Orcs_Multiplayer/Content/Textures/Orcs/Orc04/Orc_4_Metallic.uasset" 243
"../../../../../Create/Projects/Unreal/Orcs_Multiplayer/Content/Textures/Orcs/Orc04/Orc_4_Normals.uasset" 244
"../../../../../Create/Projects/Unreal/Orcs_Multiplayer/Content/SkeletalMeshes/Orcs/Orc_04/M_Orc04.uasset" 245
"../../../../../Create/Projects/Unreal/Orcs_Multiplayer/Content/SkeletalMeshes/Orcs/Orc_04/PhyA_Orc04.uasset" 246
"../../../../../Create/Projects/Unreal/Orcs_Multiplayer/Content/SkeletalMeshes/Orcs/Orc_04/SKM_Orc04.uasset" 247
"../../../../../Create/Projects/Unreal/Orcs_Multiplayer/Content/Blueprints/Actors/PlayerChars/Selection/BP_CharSelect_04.uasset" 248
"../../../../../Create/Projects/Unreal/Orcs_Multiplayer/Content/SkeletalMeshes/Orcs/Orc_05/SK_Orc05.uasset" 249
"../../../../../Create/Projects/Unreal/Orcs_Multiplayer/Content/SkeletalMeshes/Orcs/Orc_05/Animations/Orc_5_Attack_1_.uasset" 250
"../../../../../Create/Projects/Unreal/Orcs_Multiplayer/Content/SkeletalMeshes/Orcs/Orc_05/Animations/Orc_5_Attack_2_.uasset" 251
"../../../../../Create/Projects/Unreal/Orcs_Multiplayer/Content/SkeletalMeshes/Orcs/Orc_05/Animations/Orc_5_Attack_3_.uasset" 252
"../../../../../Create/Projects/Unreal/Orcs_Multiplayer/Content/SkeletalMeshes/Orcs/Orc_05/Animations/Orc_5_Attack_4_.uasset" 253
"../../../../../Create/Projects/Unreal/Orcs_Multiplayer/Content/SkeletalMeshes/Orcs/Orc_05/Animations/Orc_5_Idle.uasset" 254
"../../../../../Create/Projects/Unreal/Orcs_Multiplayer/Content/SkeletalMeshes/Orcs/Orc_05/Animations/AM_Select.uasset" 255
"../../../../../Create/Projects/Unreal/Orcs_Multiplayer/Content/Textures/Orcs/Orc05/Orc_5_Albedo.uasset" 256
"../../../../../Create/Projects/Unreal/Orcs_Multiplayer/Content/Textures/Orcs/Orc05/Orc_5_Ao.uasset" 257
"../../../../../Create/Projects/Unreal/Orcs_Multiplayer/Content/Textures/Orcs/Orc05/Orc_5_Metallic.uasset" 258
"../../../../../Create/Projects/Unreal/Orcs_Multiplayer/Content/Textures/Orcs/Orc05/Orc_5_Normals.uasset" 259
"../../../../../Create/Projects/Unreal/Orcs_Multiplayer/Content/SkeletalMeshes/Orcs/Orc_05/M_Orc05.uasset" 260
"../../../../../Create/Projects/Unreal/Orcs_Multiplayer/Content/SkeletalMeshes/Orcs/Orc_05/PhyA_Orc05.uasset" 261
"../../../../../Create/Projects/Unreal/Orcs_Multiplayer/Content/SkeletalMeshes/Orcs/Orc_05/SKM_Orc05.uasset" 262
"../../../../../Create/Projects/Unreal/Orcs_Multiplayer/Content/Blueprints/Actors/PlayerChars/Selection/BP_CharSelect_05.uasset" 263
"../../../../../Create/Projects/Unreal/Orcs_Multiplayer/Content/SkeletalMeshes/Orcs/Orc_07/SK_Orc_Ursag.uasset" 264
"../../../../../Create/Projects/Unreal/Orcs_Multiplayer/Content/SkeletalMeshes/Orcs/Orc_07/Animations/Orc_7_Attack_1_.uasset" 265
"../../../../../Create/Projects/Unreal/Orcs_Multiplayer/Content/SkeletalMeshes/Orcs/Orc_07/Animations/Orc_7_Attack_2_.uasset" 266
"../../../../../Create/Projects/Unreal/Orcs_Multiplayer/Content/SkeletalMeshes/Orcs/Orc_07/Animations/Orc_7_Attack_3_.uasset" 267
"../../../../../Create/Projects/Unreal/Orcs_Multiplayer/Content/SkeletalMeshes/Orcs/Orc_07/Animations/Orc_7_Attack_4_.uasset" 268
"../../../../../Create/Projects/Unreal/Orcs_Multiplayer/Content/SkeletalMeshes/Orcs/Orc_07/Animations/Orc_7_Idle.uasset" 269
"../../../../../Create/Projects/Unreal/Orcs_Multiplayer/Content/SkeletalMeshes/Orcs/Orc_07/Animations/AM_Select.uasset" 270
"../../../../../Create/Projects/Unreal/Orcs_Multiplayer/Content/Textures/Orcs/Orc07/Orc_7_Albedo.uasset" 271
"../../../../../Create/Projects/Unreal/Orcs_Multiplayer/Content/Textures/Orcs/Orc07/Orc_7_Ao.uasset" 272
"../../../../../Create/Projects/Unreal/Orcs_Multiplayer/Content/Textures/Orcs/Orc07/Orc_7_Metallic.uasset" 273
"../../../../../Create/Projects/Unreal/Orcs_Multiplayer/Content/Textures/Orcs/Orc07/Orc_7_Normals.uasset" 274
"../../../../../Create/Projects/Unreal/Orcs_Multiplayer/Content/SkeletalMeshes/Orcs/Orc_07/M_Orc_Usrag.uasset" 275
"../../../../../Create/Projects/Unreal/Orcs_Multiplayer/Content/SkeletalMeshes/Orcs/Orc_07/PhyA_Orc_Ursag.uasset" 276
"../../../../../Create/Projects/Unreal/Orcs_Multiplayer/Content/SkeletalMeshes/Orcs/Orc_07/SKM_Orc_Ursag.uasset" 277
"../../../../../Create/Projects/Unreal/Orcs_Multiplayer/Content/Blueprints/Actors/PlayerChars/Selection/BP_CharSelect_07.uasset" 278
"../../../../../Create/Projects/Unreal/Orcs_Multiplayer/Content/Blueprints/Actors/PlayerChars/Lobby/Char_Lobby_Orc01.uasset" 279
"../../../../../Create/Projects/Unreal/Orcs_Multiplayer/Content/SkeletalMeshes/Orcs/Orc_02/Animations/2_Run.uasset" 280
"../../../../../Create/Projects/Unreal/Orcs_Multiplayer/Content/SkeletalMeshes/Orcs/Orc_02/Animations/2_Walk.uasset" 281
"../../../../../Create/Projects/Unreal/Orcs_Multiplayer/Content/SkeletalMeshes/Orcs/Orc_02/Animations/BS_IdleWalkRun.uasset" 282
"../../../../../Create/Projects/Unreal/Orcs_Multiplayer/Content/SkeletalMeshes/Orcs/Orc_02/Animations/ABP_Orc02_Lobby.uasset" 283
"../../../../../Create/Projects/Unreal/Orcs_Multiplayer/Content/Blueprints/Actors/PlayerChars/Lobby/Char_Lobby_Orc02.uasset" 284
"../../../../../Create/Projects/Unreal/Orcs_Multiplayer/Content/SkeletalMeshes/Orcs/Orc_03/Animations/Orc_3_Run.uasset" 285
"../../../../../Create/Projects/Unreal/Orcs_Multiplayer/Content/SkeletalMeshes/Orcs/Orc_03/Animations/Orc_3_Walk.uasset" 286
"../../../../../Create/Projects/Unreal/Orcs_Multiplayer/Content/SkeletalMeshes/Orcs/Orc_03/Animations/Orc03_IdleWalkRun.uasset" 287
"../../../../../Create/Projects/Unreal/Orcs_Multiplayer/Content/SkeletalMeshes/Orcs/Orc_03/Animations/ABP_Orc03_Lobby.uasset" 288
"../../../../../Create/Projects/Unreal/Orcs_Multiplayer/Content/Blueprints/Actors/PlayerChars/Lobby/Char_Lobby_Orc03.uasset" 289
"../../../../../Create/Projects/Unreal/Orcs_Multiplayer/Content/SkeletalMeshes/Orcs/Orc_04/Animations/Orc_4_Run.uasset" 290
"../../../../../Create/Projects/Unreal/Orcs_Multiplayer/Content/SkeletalMeshes/Orcs/Orc_04/Animations/Orc_4_Walk.uasset" 291
"../../../../../Create/Projects/Unreal/Orcs_Multiplayer/Content/SkeletalMeshes/Orcs/Orc_04/Animations/BS_Orc04_IdleWalkRun.uasset" 292
"../../../../../Create/Projects/Unreal/Orcs_Multiplayer/Content/SkeletalMeshes/Orcs/Orc_04/Animations/ABP_Orc04_Lobby.uasset" 293
"../../../../../Create/Projects/Unreal/Orcs_Multiplayer/Content/Blueprints/Actors/PlayerChars/Lobby/Char_Lobby_Orc04.uasset" 294
"../../../../../Create/Projects/Unreal/Orcs_Multiplayer/Content/SkeletalMeshes/Orcs/Orc_05/Animations/Orc_5_Run.uasset" 295
"../../../../../Create/Projects/Unreal/Orcs_Multiplayer/Content/SkeletalMeshes/Orcs/Orc_05/Animations/Orc_5_Walk.uasset" 296
"../../../../../Create/Projects/Unreal/Orcs_Multiplayer/Content/SkeletalMeshes/Orcs/Orc_05/Animations/BS_IdleWalkRun.uasset" 297
"../../../../../Create/Projects/Unreal/Orcs_Multiplayer/Content/SkeletalMeshes/Orcs/Orc_05/Animations/ABP_Orc05_Lobby.uasset" 298
"../../../../../Create/Projects/Unreal/Orcs_Multiplayer/Content/Blueprints/Actors/PlayerChars/Lobby/Char_Lobby_Orc05.uasset" 299
"../../../../../Create/Projects/Unreal/Orcs_Multiplayer/Content/SkeletalMeshes/Orcs/Orc_07/Animations/Orc_7_Run.uasset" 300
"../../../../../Create/Projects/Unreal/Orcs_Multiplayer/Content/SkeletalMeshes/Orcs/Orc_07/Animations/Orc_7_walk.uasset" 301
"../../../../../Create/Projects/Unreal/Orcs_Multiplayer/Content/SkeletalMeshes/Orcs/Orc_07/Animations/BS_IdleWalkRun.uasset" 302
"../../../../../Create/Projects/Unreal/Orcs_Multiplayer/Content/SkeletalMeshes/Orcs/Orc_07/Animations/ABP_Orc07_Lobby.uasset" 303
"../../../../../Create/Projects/Unreal/Orcs_Multiplayer/Content/Blueprints/Actors/PlayerChars/Lobby/Char_Lobby_Orc07.uasset" 304
"../../../../../Create/Projects/Unreal/Orcs_Multiplayer/Content/Data/F_CharData.uasset" 305
"../../../../../Create/Projects/Unreal/Orcs_Multiplayer/Content/Data/DT_CharData.uasset" 306
"../../../../../Create/Projects/Unreal/Orcs_Multiplayer/Content/UI/WB_PlayerData.uasset" 307
"../../../../../Create/Projects/Unreal/Orcs_Multiplayer/Content/UI/WB_HUD_Lobby.uasset" 308
"../../../../../Create/Projects/Unreal/Orcs_Multiplayer/Content/UI/WB_PlayCharData.uasset" 309
"../../../../../Create/Projects/Unreal/Orcs_Multiplayer/Content/UI/WB_PlayerSelection.uasset" 310
"../../../../../Create/Projects/Unreal/Orcs_Multiplayer/Content/Blueprints/Gameplay/PlayerCtrl_Lobby.uasset" 311
"../../../../../Create/Projects/Unreal/Orcs_Multiplayer/Content/Blueprints/Gameplay/PS_Lobby.uasset" 312
"../../../../../Create/Projects/Unreal/Orcs_Multiplayer/Content/Blueprints/Gameplay/GM_Lobby.uasset" 313
"../../../../../Create/Projects/Unreal/Orcs_Multiplayer/Content/Maps/Lobby_BuiltData.uasset" 314
"../../../../../Create/Projects/Unreal/Orcs_Multiplayer/Content/Materials/M_SkySphere_Lobby.uasset" 315
"../../../../../Create/Projects/Unreal/Orcs_Multiplayer/Content/StaticMeshes/Base.uasset" 316
"../../../../../Create/Projects/Unreal/Orcs_Multiplayer/Content/StaticMeshes/Sphere.uasset" 317
"../../../../../Create/Projects/Unreal/Orcs_Multiplayer/Content/Maps/Lobby.umap" 318
"../../../../../Create/Projects/Unreal/Orcs_Multiplayer/Content/Textures/Menu/T_MainMenu.uasset" 319
"../../../../../Create/Projects/Unreal/Orcs_Multiplayer/Content/Textures/Menu/T_red-paint-brush-stroke-1.uasset" 320
"../../../../../Create/Projects/Unreal/Orcs_Multiplayer/Content/Textures/Menu/T_Multiplayer_medievalArmy.uasset" 321
"../../../../../Create/Projects/Unreal/Orcs_Multiplayer/Content/UI/WB_MainMenu_Multiplayer_Internet.uasset" 322
"../../../../../Create/Projects/Unreal/Orcs_Multiplayer/Content/UI/WB_MainMenu_Multiplayer_LAN.uasset" 323
"../../../../../Create/Projects/Unreal/Orcs_Multiplayer/Content/UI/WB_MainMenu_Multiplayer.uasset" 324
"../../../../../Create/Projects/Unreal/Orcs_Multiplayer/Content/UI/WB_PlayerName.uasset" 325
"../../../../../Create/Projects/Unreal/Orcs_Multiplayer/Content/UI/WB_MainMenu.uasset" 326
"../../../../../Create/Projects/Unreal/Orcs_Multiplayer/Content/Blueprints/Gameplay/PlayerCtrl_MainMenu.uasset" 327
"../../../../../Create/Projects/Unreal/Orcs_Multiplayer/Content/Blueprints/Gameplay/GM_MainMenu.uasset" 328
"../../../../../Create/Projects/Unreal/Orcs_Multiplayer/Content/Maps/MainMenu.umap" 329
"../../../../../Create/Projects/Unreal/Orcs_Multiplayer/Content/SkeletalMeshes/Orcs/Orc_01/Animations/AM_Attack_Orc01.uasset" 330
"../../../../../Create/Projects/Unreal/Orcs_Multiplayer/Content/SkeletalMeshes/Orcs/Orc_01/Animations/Orc_1_Jump.uasset" 331
"../../../../../Create/Projects/Unreal/Orcs_Multiplayer/Content/Sounds/SwordSwoosh.uasset" 332
"../../../../../Create/Projects/Unreal/Orcs_Multiplayer/Content/SkeletalMeshes/Orcs/Orc_01/Animations/ABP_Orc01_Game.uasset" 333
"../../../../../Create/Projects/Unreal/Orcs_Multiplayer/Content/Data/E_PickUpType.uasset" 334
"../../../../../Create/Projects/Unreal/Orcs_Multiplayer/Content/Blueprints/Actors/PickUps/BP_PickUps.uasset" 335
"../../../../../Create/Projects/Unreal/Orcs_Multiplayer/Content/SkeletalMeshes/Weapons/WEapon03/M_Weapon03.uasset" 336
"../../../../../Create/Projects/Unreal/Orcs_Multiplayer/Content/SkeletalMeshes/Weapons/WEapon03/PhyA_Weapon03.uasset" 337
"../../../../../Create/Projects/Unreal/Orcs_Multiplayer/Content/SkeletalMeshes/Weapons/WEapon03/SK_Weapon03.uasset" 338
"../../../../../Create/Projects/Unreal/Orcs_Multiplayer/Content/SkeletalMeshes/Weapons/WEapon03/SKM_Weapon03.uasset" 339
"../../../../../Create/Projects/Unreal/Orcs_Multiplayer/Content/Blueprints/Actors/PickUps/BP_PickUps_Weapons.uasset" 340
"../../../../../Create/Projects/Unreal/Orcs_Multiplayer/Content/SkeletalMeshes/Weapons/Weapon01/M_Weapon01.uasset" 341
"../../../../../Create/Projects/Unreal/Orcs_Multiplayer/Content/SkeletalMeshes/Weapons/Weapon01/PhyA_Weapon01.uasset" 342
"../../../../../Create/Projects/Unreal/Orcs_Multiplayer/Content/SkeletalMeshes/Weapons/Weapon01/SK_Weapon01.uasset" 343
"../../../../../Create/Projects/Unreal/Orcs_Multiplayer/Content/SkeletalMeshes/Weapons/Weapon01/SKM_Weapon01.uasset" 344
"../../../../../Create/Projects/Unreal/Orcs_Multiplayer/Content/Blueprints/Actors/PickUps/BP_PickUps_Weapons_01.uasset" 345
"../../../../../Create/Projects/Unreal/Orcs_Multiplayer/Content/SkeletalMeshes/Weapons/Weapon02/M_Weapon02.uasset" 346
"../../../../../Create/Projects/Unreal/Orcs_Multiplayer/Content/SkeletalMeshes/Weapons/Weapon02/PhyA_Weapon02.uasset" 347
"../../../../../Create/Projects/Unreal/Orcs_Multiplayer/Content/SkeletalMeshes/Weapons/Weapon02/SK_Weapon02.uasset" 348
"../../../../../Create/Projects/Unreal/Orcs_Multiplayer/Content/SkeletalMeshes/Weapons/Weapon02/SKM_Weapon02.uasset" 349
"../../../../../Create/Projects/Unreal/Orcs_Multiplayer/Content/Blueprints/Actors/PickUps/BP_PickUps_Weapons_02.uasset" 350
"../../../../../Create/Projects/Unreal/Orcs_Multiplayer/Content/Blueprints/Actors/PickUps/BP_PickUps_Weapons_03.uasset" 351
"../../../../../Create/Projects/Unreal/Orcs_Multiplayer/Content/SkeletalMeshes/Weapons/Weapon04/M_Weapon04.uasset" 352
"../../../../../Create/Projects/Unreal/Orcs_Multiplayer/Content/SkeletalMeshes/Weapons/Weapon04/PhyA_Weapon04.uasset" 353
"../../../../../Create/Projects/Unreal/Orcs_Multiplayer/Content/SkeletalMeshes/Weapons/Weapon04/SK_Weapon04.uasset" 354
"../../../../../Create/Projects/Unreal/Orcs_Multiplayer/Content/SkeletalMeshes/Weapons/Weapon04/SKM_Weapon04.uasset" 355
"../../../../../Create/Projects/Unreal/Orcs_Multiplayer/Content/Blueprints/Actors/PickUps/BP_PickUps_Weapons_04.uasset" 356
"../../../../../Create/Projects/Unreal/Orcs_Multiplayer/Content/Materials/M_Shrine.uasset" 357
"../../../../../Create/Projects/Unreal/Orcs_Multiplayer/Content/Materials/M_Shrine_Active.uasset" 358
"../../../../../Create/Projects/Unreal/Orcs_Multiplayer/Content/Materials/M_Shrine_Inactive.uasset" 359
"../../../../../Create/Projects/Unreal/Orcs_Multiplayer/Content/Materials/M_Shrine_Locked.uasset" 360
"../../../../../Create/Projects/Unreal/Orcs_Multiplayer/Content/Data/E_ShrineStatus.uasset" 361
"../../../../../Create/Projects/Unreal/Orcs_Multiplayer/Content/Data/E_ShrineWeaponType.uasset" 362
"../../../../../Create/Projects/Unreal/Orcs_Multiplayer/Content/Sounds/impactGlass_heavy_004.uasset" 363
"../../../../../Create/Projects/Unreal/Orcs_Multiplayer/Content/Sounds/impactMining_003.uasset" 364
"../../../../../Create/Projects/Unreal/Orcs_Multiplayer/Content/StaticMeshes/Shrine.uasset" 365
"../../../../../Create/Projects/Unreal/Orcs_Multiplayer/Content/Blueprints/Actors/BP_ShrineWeapon.uasset" 366
"../../../../../Create/Projects/Unreal/Orcs_Multiplayer/Content/Blueprints/Actors/PlayerChars/Game/BP_Spectator.uasset" 367
"../../../../../Create/Projects/Unreal/Orcs_Multiplayer/Content/Data/F_PlayerData.uasset" 368
"../../../../../Create/Projects/Unreal/Orcs_Multiplayer/Content/Blueprints/Gameplay/GS_Game.uasset" 369
"../../../../../Create/Projects/Unreal/Orcs_Multiplayer/Content/Blueprints/Gameplay/PS_Game.uasset" 370
"../../../../../Create/Projects/Unreal/Orcs_Multiplayer/Content/SkeletalMeshes/Orcs/Orc_01/Animations/Orc_1_Dead.uasset" 371
"../../../../../Create/Projects/Unreal/Orcs_Multiplayer/Content/Blueprints/Actors/PlayerChars/Game/Char_Game_Orc01.uasset" 372
"../../../../../Create/Projects/Unreal/Orcs_Multiplayer/Content/SkeletalMeshes/Orcs/Orc_02/Animations/AM_Attack_Orc02.uasset" 373
"../../../../../Create/Projects/Unreal/Orcs_Multiplayer/Content/SkeletalMeshes/Orcs/Orc_02/Animations/2_Jump.uasset" 374
"../../../../../Create/Projects/Unreal/Orcs_Multiplayer/Content/SkeletalMeshes/Orcs/Orc_02/Animations/ABP_Orc02_Game.uasset" 375
"../../../../../Create/Projects/Unreal/Orcs_Multiplayer/Content/SkeletalMeshes/Orcs/Orc_02/Animations/2_Dead.uasset" 376
"../../../../../Create/Projects/Unreal/Orcs_Multiplayer/Content/Blueprints/Actors/PlayerChars/Game/Char_Game_Orc02.uasset" 377
"../../../../../Create/Projects/Unreal/Orcs_Multiplayer/Content/SkeletalMeshes/Orcs/Orc_03/Animations/AM_Attack_Orc03.uasset" 378
"../../../../../Create/Projects/Unreal/Orcs_Multiplayer/Content/SkeletalMeshes/Orcs/Orc_03/Animations/Orc_3_Jump.uasset" 379
"../../../../../Create/Projects/Unreal/Orcs_Multiplayer/Content/SkeletalMeshes/Orcs/Orc_03/Animations/ABP_Orc03_Game.uasset" 380
"../../../../../Create/Projects/Unreal/Orcs_Multiplayer/Content/SkeletalMeshes/Orcs/Orc_03/Animations/Orc_3_Dead.uasset" 381
"../../../../../Create/Projects/Unreal/Orcs_Multiplayer/Content/Blueprints/Actors/PlayerChars/Game/Char_Game_Orc03.uasset" 382
"../../../../../Create/Projects/Unreal/Orcs_Multiplayer/Content/SkeletalMeshes/Orcs/Orc_04/Animations/AM_Attack_Orc04.uasset" 383
"../../../../../Create/Projects/Unreal/Orcs_Multiplayer/Content/SkeletalMeshes/Orcs/Orc_04/Animations/Orc_4_Jump.uasset" 384
"../../../../../Create/Projects/Unreal/Orcs_Multiplayer/Content/SkeletalMeshes/Orcs/Orc_04/Animations/ABP_Orc04_Game.uasset" 385
"../../../../../Create/Projects/Unreal/Orcs_Multiplayer/Content/SkeletalMeshes/Orcs/Orc_04/Animations/Orc_4_Dead.uasset" 386
"../../../../../Create/Projects/Unreal/Orcs_Multiplayer/Content/Blueprints/Actors/PlayerChars/Game/Char_Game_Orc04.uasset" 387
"../../../../../Create/Projects/Unreal/Orcs_Multiplayer/Content/SkeletalMeshes/Orcs/Orc_05/Animations/AM_Attack_Oec05.uasset" 388
"../../../../../Create/Projects/Unreal/Orcs_Multiplayer/Content/SkeletalMeshes/Orcs/Orc_05/Animations/Orc_5_Jump.uasset" 389
"../../../../../Create/Projects/Unreal/Orcs_Multiplayer/Content/SkeletalMeshes/Orcs/Orc_05/Animations/ABP_Orc05_Game.uasset" 390
"../../../../../Create/Projects/Unreal/Orcs_Multiplayer/Content/SkeletalMeshes/Orcs/Orc_05/Animations/Orc_5_Dead.uasset" 391
"../../../../../Create/Projects/Unreal/Orcs_Multiplayer/Content/Blueprints/Actors/PlayerChars/Game/Char_Game_Orc05.uasset" 392
"../../../../../Create/Projects/Unreal/Orcs_Multiplayer/Content/SkeletalMeshes/Orcs/Orc_07/Animations/Orc_7_Dead.uasset" 393
"../../../../../Create/Projects/Unreal/Orcs_Multiplayer/Content/SkeletalMeshes/Orcs/Orc_07/Animations/AM_Attack_Orc07.uasset" 394
"../../../../../Create/Projects/Unreal/Orcs_Multiplayer/Content/SkeletalMeshes/Orcs/Orc_07/Animations/Orc_7_Jump.uasset" 395
"../../../../../Create/Projects/Unreal/Orcs_Multiplayer/Content/SkeletalMeshes/Orcs/Orc_07/Animations/ABP_Orc07_Game.uasset" 396
"../../../../../Create/Projects/Unreal/Orcs_Multiplayer/Content/Blueprints/Actors/PlayerChars/Game/Char_Game_Orc07.uasset" 397
"../../../../../Create/Projects/Unreal/Orcs_Multiplayer/Content/Data/DT_CharDataGame.uasset" 398
"../../../../../Create/Projects/Unreal/Orcs_Multiplayer/Content/Blueprints/Gameplay/GM_Game.uasset" 399
"../../../../../Create/Projects/Unreal/Orcs_Multiplayer/Content/Textures/Menu/Button_Green.uasset" 400
"../../../../../Create/Projects/Unreal/Orcs_Multiplayer/Content/Textures/Menu/Button_Yellow.uasset" 401
"../../../../../Create/Projects/Unreal/Orcs_Multiplayer/Content/UI/WB_HUD_Gameplay.uasset" 402
"../../../../../Create/Projects/Unreal/Orcs_Multiplayer/Content/UI/WB_matchLeaderboar_data.uasset" 403
"../../../../../Create/Projects/Unreal/Orcs_Multiplayer/Content/UI/WB_Leaderboard.uasset" 404
"../../../../../Create/Projects/Unreal/Orcs_Multiplayer/Content/UI/WB_MatchFinish.uasset" 405
"../../../../../Create/Projects/Unreal/Orcs_Multiplayer/Content/Blueprints/Gameplay/PlayerCtrl_Game.uasset" 406
"../../../../../Create/Projects/Unreal/Orcs_Multiplayer/Content/Data/E_ShrineAbilityType.uasset" 407
"../../../../../Create/Projects/Unreal/Orcs_Multiplayer/Content/Sounds/Hurt.uasset" 408
"../../../../../Create/Projects/Unreal/Orcs_Multiplayer/Content/Sounds/hurt03.uasset" 409
"../../../../../Create/Projects/Unreal/Orcs_Multiplayer/Content/UI/WB_EnemyHealth.uasset" 410
"../../../../../Create/Projects/Unreal/Orcs_Multiplayer/Content/Blueprints/Actors/PlayerChars/Game/Char_Game.uasset" 411
"../../../../../Create/Projects/Unreal/Orcs_Multiplayer/Content/Blueprints/Actors/BP_KillZ.uasset" 412
"../../../../../Create/Projects/Unreal/Orcs_Multiplayer/Content/Materials/M_Health.uasset" 413
"../../../../../Create/Projects/Unreal/Orcs_Multiplayer/Content/StaticMeshes/Health.uasset" 414
"../../../../../Create/Projects/Unreal/Orcs_Multiplayer/Content/Blueprints/Actors/PickUps/BP_Health.uasset" 415
"../../../../../Create/Projects/Unreal/Orcs_Multiplayer/Content/StaticMeshes/Speed.uasset" 416
"../../../../../Create/Projects/Unreal/Orcs_Multiplayer/Content/Blueprints/Actors/PickUps/BP_Speed.uasset" 417
"../../../../../Create/Projects/Unreal/Orcs_Multiplayer/Content/Blueprints/Actors/BP_ShrineABILITY.uasset" 418
"../../../../../Create/Projects/Unreal/Orcs_Multiplayer/Content/Maps/Map01.umap" 419
"../../../../../Create/Projects/Unreal/Orcs_Multiplayer/Content/Maps/TravelMap.umap" 420
