"../../../Engine/Content/Animation/DefaultAnimBoneCompressionSettings.uasset" 0
"../../../../../Create/Projects/Unreal/Orcs_Multiplayer/Content/SkeletalMeshes/Orcs/Orc_01/SK_Orc01.uasset" 1
"../../../../../Create/Projects/Unreal/Orcs_Multiplayer/Content/SkeletalMeshes/Orcs/Orc_01/Animations/Orc_1_Attack_1_.uasset" 2
"../../../../../Create/Projects/Unreal/Orcs_Multiplayer/Content/SkeletalMeshes/Orcs/Orc_01/Animations/Orc_1_Attack_2_.uasset" 3
"../../../../../Create/Projects/Unreal/Orcs_Multiplayer/Content/SkeletalMeshes/Orcs/Orc_01/Animations/Orc_1_Attack_3_.uasset" 4
"../../../../../Create/Projects/Unreal/Orcs_Multiplayer/Content/SkeletalMeshes/Orcs/Orc_01/Animations/Orc_1_Attack_4_.uasset" 5
"../../../../../Create/Projects/Unreal/Orcs_Multiplayer/Content/SkeletalMeshes/Orcs/Orc_01/Animations/AM_Attack.uasset" 6
"../../../../../Create/Projects/Unreal/Orcs_Multiplayer/Content/SkeletalMeshes/Orcs/Orc_01/Animations/Orc_1_Jump.uasset" 7
"../../../../../Create/Projects/Unreal/Orcs_Multiplayer/Content/SkeletalMeshes/Orcs/Orc_01/Animations/Orc_1_Idle.uasset" 8
"../../../../../Create/Projects/Unreal/Orcs_Multiplayer/Content/SkeletalMeshes/Orcs/Orc_01/Animations/Orc_1_Run.uasset" 9
"../../../../../Create/Projects/Unreal/Orcs_Multiplayer/Content/SkeletalMeshes/Orcs/Orc_01/Animations/Orc_1_Walk.uasset" 10
"../../../../../Create/Projects/Unreal/Orcs_Multiplayer/Content/SkeletalMeshes/Orcs/Orc_01/Animations/BS_IdleWalkRun.uasset" 11
"../../../Engine/Content/EditorBlueprintResources/StandardMacros.uasset" 12
"../../../../../Create/Projects/Unreal/Orcs_Multiplayer/Content/Blueprints/Actors/PlayerChars/Char.uasset" 13
"../../../../../Create/Projects/Unreal/Orcs_Multiplayer/Content/Sounds/Steps.uasset" 14
"../../../../../Create/Projects/Unreal/Orcs_Multiplayer/Content/Sounds/SwordSwoosh.uasset" 15
"../../../../../Create/Projects/Unreal/Orcs_Multiplayer/Content/SkeletalMeshes/Orcs/Orc_01/Animations/ABP_Orc01_Game.uasset" 16
"../../../../../Create/Projects/Unreal/Orcs_Multiplayer/Content/SkeletalMeshes/Orcs/Orc_01/Animations/Orc_1_Dead.uasset" 17
"../../../Engine/Content/EditorBlueprintResources/ActorMacros.uasset" 18
"../../../../../Create/Projects/Unreal/Orcs_Multiplayer/Content/Materials/M_Shrine.uasset" 19
"../../../../../Create/Projects/Unreal/Orcs_Multiplayer/Content/Materials/M_Health.uasset" 20
"../../../../../Create/Projects/Unreal/Orcs_Multiplayer/Content/StaticMeshes/Health.uasset" 21
"../../../../../Create/Projects/Unreal/Orcs_Multiplayer/Content/Blueprints/Actors/PickUps/BP_Health.uasset" 22
"../../../../../Create/Projects/Unreal/Orcs_Multiplayer/Content/Textures/Orcs/Orc03/Orc_3_Albedo.uasset" 23
"../../../../../Create/Projects/Unreal/Orcs_Multiplayer/Content/Textures/Orcs/Orc03/Orc_3_Ao.uasset" 24
"../../../../../Create/Projects/Unreal/Orcs_Multiplayer/Content/Textures/Orcs/Orc03/Orc_3_Metallic.uasset" 25
"../../../../../Create/Projects/Unreal/Orcs_Multiplayer/Content/Textures/Orcs/Orc03/Orc_3_Normals.uasset" 26
"../../../../../Create/Projects/Unreal/Orcs_Multiplayer/Content/SkeletalMeshes/Weapons/WEapon03/M_Weapon03.uasset" 27
"../../../../../Create/Projects/Unreal/Orcs_Multiplayer/Content/SkeletalMeshes/Weapons/WEapon03/PhyA_Weapon03.uasset" 28
"../../../../../Create/Projects/Unreal/Orcs_Multiplayer/Content/SkeletalMeshes/Weapons/WEapon03/SK_Weapon03.uasset" 29
"../../../../../Create/Projects/Unreal/Orcs_Multiplayer/Content/SkeletalMeshes/Weapons/WEapon03/SKM_Weapon03.uasset" 30
"../../../../../Create/Projects/Unreal/Orcs_Multiplayer/Content/Blueprints/Actors/PickUps/BP_PickUps_Weapons.uasset" 31
"../../../../../Create/Projects/Unreal/Orcs_Multiplayer/Content/Textures/Orcs/Orc01/Orc_1_Albedo.uasset" 32
"../../../../../Create/Projects/Unreal/Orcs_Multiplayer/Content/Textures/Orcs/Orc01/Orc_1_Ao.uasset" 33
"../../../../../Create/Projects/Unreal/Orcs_Multiplayer/Content/Textures/Orcs/Orc01/Orc_1_Metallic.uasset" 34
"../../../../../Create/Projects/Unreal/Orcs_Multiplayer/Content/Textures/Orcs/Orc01/Orc_1_Normals.uasset" 35
"../../../../../Create/Projects/Unreal/Orcs_Multiplayer/Content/SkeletalMeshes/Weapons/Weapon01/M_Weapon01.uasset" 36
"../../../../../Create/Projects/Unreal/Orcs_Multiplayer/Content/SkeletalMeshes/Weapons/Weapon01/PhyA_Weapon01.uasset" 37
"../../../../../Create/Projects/Unreal/Orcs_Multiplayer/Content/SkeletalMeshes/Weapons/Weapon01/SK_Weapon01.uasset" 38
"../../../../../Create/Projects/Unreal/Orcs_Multiplayer/Content/SkeletalMeshes/Weapons/Weapon01/SKM_Weapon01.uasset" 39
"../../../../../Create/Projects/Unreal/Orcs_Multiplayer/Content/Blueprints/Actors/PickUps/BP_PickUps_Weapons_01.uasset" 40
"../../../../../Create/Projects/Unreal/Orcs_Multiplayer/Content/Textures/Orcs/Orc02/Orc_2_Albedo.uasset" 41
"../../../../../Create/Projects/Unreal/Orcs_Multiplayer/Content/Textures/Orcs/Orc02/Orc_2_Ao.uasset" 42
"../../../../../Create/Projects/Unreal/Orcs_Multiplayer/Content/Textures/Orcs/Orc02/Orc_2_Metallic.uasset" 43
"../../../../../Create/Projects/Unreal/Orcs_Multiplayer/Content/Textures/Orcs/Orc02/Orc_2_Normals.uasset" 44
"../../../../../Create/Projects/Unreal/Orcs_Multiplayer/Content/SkeletalMeshes/Weapons/Weapon02/M_Weapon02.uasset" 45
"../../../../../Create/Projects/Unreal/Orcs_Multiplayer/Content/SkeletalMeshes/Weapons/Weapon02/PhyA_Weapon02.uasset" 46
"../../../../../Create/Projects/Unreal/Orcs_Multiplayer/Content/SkeletalMeshes/Weapons/Weapon02/SK_Weapon02.uasset" 47
"../../../../../Create/Projects/Unreal/Orcs_Multiplayer/Content/SkeletalMeshes/Weapons/Weapon02/SKM_Weapon02.uasset" 48
"../../../../../Create/Projects/Unreal/Orcs_Multiplayer/Content/Blueprints/Actors/PickUps/BP_PickUps_Weapons_02.uasset" 49
"../../../../../Create/Projects/Unreal/Orcs_Multiplayer/Content/Blueprints/Actors/PickUps/BP_PickUps_Weapons_03.uasset" 50
"../../../../../Create/Projects/Unreal/Orcs_Multiplayer/Content/Textures/Orcs/Orc04/Orc_4_Albedo.uasset" 51
"../../../../../Create/Projects/Unreal/Orcs_Multiplayer/Content/Textures/Orcs/Orc04/Orc_4_Ao.uasset" 52
"../../../../../Create/Projects/Unreal/Orcs_Multiplayer/Content/Textures/Orcs/Orc04/Orc_4_Metallic.uasset" 53
"../../../../../Create/Projects/Unreal/Orcs_Multiplayer/Content/Textures/Orcs/Orc04/Orc_4_Normals.uasset" 54
"../../../../../Create/Projects/Unreal/Orcs_Multiplayer/Content/SkeletalMeshes/Weapons/Weapon04/M_Weapon04.uasset" 55
"../../../../../Create/Projects/Unreal/Orcs_Multiplayer/Content/SkeletalMeshes/Weapons/Weapon04/PhyA_Weapon04.uasset" 56
"../../../../../Create/Projects/Unreal/Orcs_Multiplayer/Content/SkeletalMeshes/Weapons/Weapon04/SK_Weapon04.uasset" 57
"../../../../../Create/Projects/Unreal/Orcs_Multiplayer/Content/SkeletalMeshes/Weapons/Weapon04/SKM_Weapon04.uasset" 58
"../../../../../Create/Projects/Unreal/Orcs_Multiplayer/Content/Blueprints/Actors/PickUps/BP_PickUps_Weapons_04.uasset" 59
"../../../../../Create/Projects/Unreal/Orcs_Multiplayer/Content/Materials/M_Shrine_Locked.uasset" 60
"../../../Engine/Content/Functions/Engine_MaterialFunctions01/Opacity/CameraDepthFade.uasset" 61
"../../../Engine/Content/EngineMaterials/T_Default_Material_Grid_M.uasset" 62
"../../../Engine/Content/EngineMaterials/T_Default_Material_Grid_N.uasset" 63
"../../../Engine/Content/EngineMaterials/WorldGridMaterial.uasset" 64
"../../../../../Create/Projects/Unreal/Orcs_Multiplayer/Content/StaticMeshes/Speed.uasset" 65
"../../../../../Create/Projects/Unreal/Orcs_Multiplayer/Content/Blueprints/Actors/PickUps/BP_Speed.uasset" 66
"../../../../../Create/Projects/Unreal/Orcs_Multiplayer/Content/Materials/M_Shrine_Active.uasset" 67
"../../../../../Create/Projects/Unreal/Orcs_Multiplayer/Content/Materials/M_Shrine_Inactive.uasset" 68
"../../../../../Create/Projects/Unreal/Orcs_Multiplayer/Content/Data/E_ShrineStatus.uasset" 69
"../../../../../Create/Projects/Unreal/Orcs_Multiplayer/Content/Data/E_ShrineType.uasset" 70
"../../../../../Create/Projects/Unreal/Orcs_Multiplayer/Content/Sounds/impactGlass_heavy_004.uasset" 71
"../../../../../Create/Projects/Unreal/Orcs_Multiplayer/Content/Sounds/impactMining_003.uasset" 72
"../../../../../Create/Projects/Unreal/Orcs_Multiplayer/Content/StaticMeshes/Shrine.uasset" 73
"../../../../../Create/Projects/Unreal/Orcs_Multiplayer/Content/Blueprints/Actors/BP_Shrine.uasset" 74
"../../../../../Create/Projects/Unreal/Orcs_Multiplayer/Content/Blueprints/Gameplay/GM_Game.uasset" 75
"../../../../../Create/Projects/Unreal/Orcs_Multiplayer/Content/UI/WB_HUD_Gameplay.uasset" 76
"../../../../../Create/Projects/Unreal/Orcs_Multiplayer/Content/UI/WB_MatchFinish.uasset" 77
"../../../../../Create/Projects/Unreal/Orcs_Multiplayer/Content/Blueprints/Gameplay/PlayerCtrl_Game.uasset" 78
"../../../../../Create/Projects/Unreal/Orcs_Multiplayer/Content/SkeletalMeshes/Orcs/Orc_01/M_Orc01.uasset" 79
"../../../../../Create/Projects/Unreal/Orcs_Multiplayer/Content/SkeletalMeshes/Orcs/Orc_01/PhyA_Orc01.uasset" 80
"../../../../../Create/Projects/Unreal/Orcs_Multiplayer/Content/SkeletalMeshes/Orcs/Orc_01/SKM_Oec01.uasset" 81
"../../../../../Create/Projects/Unreal/Orcs_Multiplayer/Content/Sounds/Hurt.uasset" 82
"../../../../../Create/Projects/Unreal/Orcs_Multiplayer/Content/Sounds/hurt03.uasset" 83
"../../../../../Create/Projects/Unreal/Orcs_Multiplayer/Content/UI/WB_EnemyHealth.uasset" 84
"../../../../../Create/Projects/Unreal/Orcs_Multiplayer/Content/Blueprints/Actors/PlayerChars/Char_Game.uasset" 85
"../../../../../Create/Projects/Unreal/Orcs_Multiplayer/Content/Data/E_PickUpType.uasset" 86
"../../../../../Create/Projects/Unreal/Orcs_Multiplayer/Content/Blueprints/Actors/PickUps/BP_PickUps.uasset" 87
"../../../../../Create/Projects/Unreal/Orcs_Multiplayer/Content/Blueprints/Actors/PickUps/BP_Kamekazi.uasset" 88
"../../../../../Create/Projects/Unreal/Orcs_Multiplayer/Content/Blueprints/Actors/PickUps/BP_Shield.uasset" 89
"../../../../../Create/Projects/Unreal/Orcs_Multiplayer/Content/Blueprints/Actors/PickUps/NewFunctionLibrary.uasset" 90
"../../../../../Create/Projects/Unreal/Orcs_Multiplayer/Content/Blueprints/Actors/PlayerChars/Char_Base_Game.uasset" 91
"../../../../../Create/Projects/Unreal/Orcs_Multiplayer/Content/Blueprints/Actors/PlayerChars/Char_Orc1.uasset" 92
"../../../../../Create/Projects/Unreal/Orcs_Multiplayer/Content/SkeletalMeshes/Orcs/Orc04/M_Orc04.uasset" 93
"../../../../../Create/Projects/Unreal/Orcs_Multiplayer/Content/SkeletalMeshes/Orcs/Orc04/PhyA_Orc04.uasset" 94
"../../../../../Create/Projects/Unreal/Orcs_Multiplayer/Content/SkeletalMeshes/Orcs/Orc04/SK_Orc04.uasset" 95
"../../../../../Create/Projects/Unreal/Orcs_Multiplayer/Content/SkeletalMeshes/Orcs/Orc04/SKM_Orc04.uasset" 96
"../../../../../Create/Projects/Unreal/Orcs_Multiplayer/Content/SkeletalMeshes/Orcs/Orc04/Animations/Orc_4_Attack_1_.uasset" 97
"../../../../../Create/Projects/Unreal/Orcs_Multiplayer/Content/SkeletalMeshes/Orcs/Orc04/Animations/Orc_4_Attack_2_.uasset" 98
"../../../../../Create/Projects/Unreal/Orcs_Multiplayer/Content/SkeletalMeshes/Orcs/Orc04/Animations/Orc_4_Attack_3_.uasset" 99
"../../../../../Create/Projects/Unreal/Orcs_Multiplayer/Content/SkeletalMeshes/Orcs/Orc04/Animations/Orc_4_Dead.uasset" 100
"../../../../../Create/Projects/Unreal/Orcs_Multiplayer/Content/SkeletalMeshes/Orcs/Orc04/Animations/Orc_4_Get_Hit.uasset" 101
"../../../../../Create/Projects/Unreal/Orcs_Multiplayer/Content/SkeletalMeshes/Orcs/Orc04/Animations/Orc_4_Idle.uasset" 102
"../../../../../Create/Projects/Unreal/Orcs_Multiplayer/Content/SkeletalMeshes/Orcs/Orc04/Animations/Orc_4_Idle_2.uasset" 103
"../../../../../Create/Projects/Unreal/Orcs_Multiplayer/Content/SkeletalMeshes/Orcs/Orc04/Animations/Orc_4_Idle_Other.uasset" 104
"../../../../../Create/Projects/Unreal/Orcs_Multiplayer/Content/SkeletalMeshes/Orcs/Orc04/Animations/Orc_4_Jump.uasset" 105
"../../../../../Create/Projects/Unreal/Orcs_Multiplayer/Content/SkeletalMeshes/Orcs/Orc04/Animations/Orc_4_Run.uasset" 106
"../../../../../Create/Projects/Unreal/Orcs_Multiplayer/Content/SkeletalMeshes/Orcs/Orc04/Animations/Orc_4_Shout.uasset" 107
"../../../../../Create/Projects/Unreal/Orcs_Multiplayer/Content/SkeletalMeshes/Orcs/Orc04/Animations/Orc_4_Walk.uasset" 108
"../../../../../Create/Projects/Unreal/Orcs_Multiplayer/Content/Textures/Orcs/Orc05/Orc_5_Albedo.uasset" 109
"../../../../../Create/Projects/Unreal/Orcs_Multiplayer/Content/Textures/Orcs/Orc05/Orc_5_Ao.uasset" 110
"../../../../../Create/Projects/Unreal/Orcs_Multiplayer/Content/Textures/Orcs/Orc05/Orc_5_Metallic.uasset" 111
"../../../../../Create/Projects/Unreal/Orcs_Multiplayer/Content/Textures/Orcs/Orc05/Orc_5_Normals.uasset" 112
"../../../../../Create/Projects/Unreal/Orcs_Multiplayer/Content/SkeletalMeshes/Orcs/Orc05/M_Orc05.uasset" 113
"../../../../../Create/Projects/Unreal/Orcs_Multiplayer/Content/SkeletalMeshes/Orcs/Orc05/PhyA_Orc05.uasset" 114
"../../../../../Create/Projects/Unreal/Orcs_Multiplayer/Content/SkeletalMeshes/Orcs/Orc05/SK_Orc05.uasset" 115
"../../../../../Create/Projects/Unreal/Orcs_Multiplayer/Content/SkeletalMeshes/Orcs/Orc05/SKM_Orc05.uasset" 116
"../../../../../Create/Projects/Unreal/Orcs_Multiplayer/Content/SkeletalMeshes/Orcs/Orc05/Animations/Orc_5_Attack_1_.uasset" 117
"../../../../../Create/Projects/Unreal/Orcs_Multiplayer/Content/SkeletalMeshes/Orcs/Orc05/Animations/Orc_5_Attack_2_.uasset" 118
"../../../../../Create/Projects/Unreal/Orcs_Multiplayer/Content/SkeletalMeshes/Orcs/Orc05/Animations/Orc_5_Attack_3_.uasset" 119
"../../../../../Create/Projects/Unreal/Orcs_Multiplayer/Content/SkeletalMeshes/Orcs/Orc05/Animations/Orc_5_Attack_4_.uasset" 120
"../../../../../Create/Projects/Unreal/Orcs_Multiplayer/Content/SkeletalMeshes/Orcs/Orc05/Animations/Orc_5_Dead.uasset" 121
"../../../../../Create/Projects/Unreal/Orcs_Multiplayer/Content/SkeletalMeshes/Orcs/Orc05/Animations/Orc_5_Dead_L.uasset" 122
"../../../../../Create/Projects/Unreal/Orcs_Multiplayer/Content/SkeletalMeshes/Orcs/Orc05/Animations/Orc_5_Dead_R.uasset" 123
"../../../../../Create/Projects/Unreal/Orcs_Multiplayer/Content/SkeletalMeshes/Orcs/Orc05/Animations/Orc_5_Get_Hit.uasset" 124
"../../../../../Create/Projects/Unreal/Orcs_Multiplayer/Content/SkeletalMeshes/Orcs/Orc05/Animations/Orc_5_Idle.uasset" 125
"../../../../../Create/Projects/Unreal/Orcs_Multiplayer/Content/SkeletalMeshes/Orcs/Orc05/Animations/Orc_5_Idle_Other.uasset" 126
"../../../../../Create/Projects/Unreal/Orcs_Multiplayer/Content/SkeletalMeshes/Orcs/Orc05/Animations/Orc_5_Jump.uasset" 127
"../../../../../Create/Projects/Unreal/Orcs_Multiplayer/Content/SkeletalMeshes/Orcs/Orc05/Animations/Orc_5_Run.uasset" 128
"../../../../../Create/Projects/Unreal/Orcs_Multiplayer/Content/SkeletalMeshes/Orcs/Orc05/Animations/Orc_5_Shout.uasset" 129
"../../../../../Create/Projects/Unreal/Orcs_Multiplayer/Content/SkeletalMeshes/Orcs/Orc05/Animations/Orc_5_Walk.uasset" 130
"../../../../../Create/Projects/Unreal/Orcs_Multiplayer/Content/Textures/Orcs/Orc07/Orc_7_Albedo.uasset" 131
"../../../../../Create/Projects/Unreal/Orcs_Multiplayer/Content/Textures/Orcs/Orc07/Orc_7_Ao.uasset" 132
"../../../../../Create/Projects/Unreal/Orcs_Multiplayer/Content/Textures/Orcs/Orc07/Orc_7_Metallic.uasset" 133
"../../../../../Create/Projects/Unreal/Orcs_Multiplayer/Content/Textures/Orcs/Orc07/Orc_7_Normals.uasset" 134
"../../../../../Create/Projects/Unreal/Orcs_Multiplayer/Content/SkeletalMeshes/Orcs/Orc07/M_Orc_Usrag.uasset" 135
"../../../../../Create/Projects/Unreal/Orcs_Multiplayer/Content/SkeletalMeshes/Orcs/Orc07/PhyA_Orc_Ursag.uasset" 136
"../../../../../Create/Projects/Unreal/Orcs_Multiplayer/Content/SkeletalMeshes/Orcs/Orc07/SK_Orc_Ursag.uasset" 137
"../../../../../Create/Projects/Unreal/Orcs_Multiplayer/Content/SkeletalMeshes/Orcs/Orc07/SKM_Orc_Ursag.uasset" 138
"../../../../../Create/Projects/Unreal/Orcs_Multiplayer/Content/SkeletalMeshes/Orcs/Orc07/Animations/Orc_7_Attack_1_.uasset" 139
"../../../../../Create/Projects/Unreal/Orcs_Multiplayer/Content/SkeletalMeshes/Orcs/Orc07/Animations/Orc_7_Attack_2_.uasset" 140
"../../../../../Create/Projects/Unreal/Orcs_Multiplayer/Content/SkeletalMeshes/Orcs/Orc07/Animations/Orc_7_Attack_3_.uasset" 141
"../../../../../Create/Projects/Unreal/Orcs_Multiplayer/Content/SkeletalMeshes/Orcs/Orc07/Animations/Orc_7_Attack_4_.uasset" 142
"../../../../../Create/Projects/Unreal/Orcs_Multiplayer/Content/SkeletalMeshes/Orcs/Orc07/Animations/Orc_7_Dead.uasset" 143
"../../../../../Create/Projects/Unreal/Orcs_Multiplayer/Content/SkeletalMeshes/Orcs/Orc07/Animations/Orc_7_Dead_L.uasset" 144
"../../../../../Create/Projects/Unreal/Orcs_Multiplayer/Content/SkeletalMeshes/Orcs/Orc07/Animations/Orc_7_Dead_R.uasset" 145
"../../../../../Create/Projects/Unreal/Orcs_Multiplayer/Content/SkeletalMeshes/Orcs/Orc07/Animations/Orc_7_Get_Hit.uasset" 146
"../../../../../Create/Projects/Unreal/Orcs_Multiplayer/Content/SkeletalMeshes/Orcs/Orc07/Animations/Orc_7_Idle.uasset" 147
"../../../../../Create/Projects/Unreal/Orcs_Multiplayer/Content/SkeletalMeshes/Orcs/Orc07/Animations/Orc_7_Idle_Other.uasset" 148
"../../../../../Create/Projects/Unreal/Orcs_Multiplayer/Content/SkeletalMeshes/Orcs/Orc07/Animations/Orc_7_Jump.uasset" 149
"../../../../../Create/Projects/Unreal/Orcs_Multiplayer/Content/SkeletalMeshes/Orcs/Orc07/Animations/Orc_7_Run.uasset" 150
"../../../../../Create/Projects/Unreal/Orcs_Multiplayer/Content/SkeletalMeshes/Orcs/Orc07/Animations/Orc_7_Shout.uasset" 151
"../../../../../Create/Projects/Unreal/Orcs_Multiplayer/Content/SkeletalMeshes/Orcs/Orc07/Animations/Orc_7_walk.uasset" 152
"../../../../../Create/Projects/Unreal/Orcs_Multiplayer/Content/SkeletalMeshes/Orcs/Orc_01/Animations/Orc_1_Dead_L.uasset" 153
"../../../../../Create/Projects/Unreal/Orcs_Multiplayer/Content/SkeletalMeshes/Orcs/Orc_01/Animations/Orc_1_Dead_R.uasset" 154
"../../../../../Create/Projects/Unreal/Orcs_Multiplayer/Content/SkeletalMeshes/Orcs/Orc_01/Animations/Orc_1_Get_Hit.uasset" 155
"../../../../../Create/Projects/Unreal/Orcs_Multiplayer/Content/SkeletalMeshes/Orcs/Orc_01/Animations/Orc_1_Idle_Other.uasset" 156
"../../../../../Create/Projects/Unreal/Orcs_Multiplayer/Content/SkeletalMeshes/Orcs/Orc_01/Animations/Orc_1_Shout.uasset" 157
"../../../../../Create/Projects/Unreal/Orcs_Multiplayer/Content/SkeletalMeshes/Orcs/Orc_02/M_Orc02.uasset" 158
"../../../../../Create/Projects/Unreal/Orcs_Multiplayer/Content/SkeletalMeshes/Orcs/Orc_02/PhyA_Orc02.uasset" 159
"../../../../../Create/Projects/Unreal/Orcs_Multiplayer/Content/SkeletalMeshes/Orcs/Orc_02/SK_Orc02.uasset" 160
"../../../../../Create/Projects/Unreal/Orcs_Multiplayer/Content/SkeletalMeshes/Orcs/Orc_02/SKM_Orc02.uasset" 161
"../../../../../Create/Projects/Unreal/Orcs_Multiplayer/Content/SkeletalMeshes/Orcs/Orc_02/Animations/2_Attack_1_.uasset" 162
"../../../../../Create/Projects/Unreal/Orcs_Multiplayer/Content/SkeletalMeshes/Orcs/Orc_02/Animations/2_Attack_2_.uasset" 163
"../../../../../Create/Projects/Unreal/Orcs_Multiplayer/Content/SkeletalMeshes/Orcs/Orc_02/Animations/2_Attack_3_.uasset" 164
"../../../../../Create/Projects/Unreal/Orcs_Multiplayer/Content/SkeletalMeshes/Orcs/Orc_02/Animations/2_Attack_4_.uasset" 165
"../../../../../Create/Projects/Unreal/Orcs_Multiplayer/Content/SkeletalMeshes/Orcs/Orc_02/Animations/2_Dead.uasset" 166
"../../../../../Create/Projects/Unreal/Orcs_Multiplayer/Content/SkeletalMeshes/Orcs/Orc_02/Animations/2_Dead_L.uasset" 167
"../../../../../Create/Projects/Unreal/Orcs_Multiplayer/Content/SkeletalMeshes/Orcs/Orc_02/Animations/2_Dead_R.uasset" 168
"../../../../../Create/Projects/Unreal/Orcs_Multiplayer/Content/SkeletalMeshes/Orcs/Orc_02/Animations/2_Get_Hit.uasset" 169
"../../../../../Create/Projects/Unreal/Orcs_Multiplayer/Content/SkeletalMeshes/Orcs/Orc_02/Animations/2_Idle.uasset" 170
"../../../../../Create/Projects/Unreal/Orcs_Multiplayer/Content/SkeletalMeshes/Orcs/Orc_02/Animations/2_Idle_Other.uasset" 171
"../../../../../Create/Projects/Unreal/Orcs_Multiplayer/Content/SkeletalMeshes/Orcs/Orc_02/Animations/2_Jump.uasset" 172
"../../../../../Create/Projects/Unreal/Orcs_Multiplayer/Content/SkeletalMeshes/Orcs/Orc_02/Animations/2_Run.uasset" 173
"../../../../../Create/Projects/Unreal/Orcs_Multiplayer/Content/SkeletalMeshes/Orcs/Orc_02/Animations/2_Shout.uasset" 174
"../../../../../Create/Projects/Unreal/Orcs_Multiplayer/Content/SkeletalMeshes/Orcs/Orc_02/Animations/2_Walk.uasset" 175
"../../../../../Create/Projects/Unreal/Orcs_Multiplayer/Content/SkeletalMeshes/Orcs/Orc_03/M_Girra.uasset" 176
"../../../../../Create/Projects/Unreal/Orcs_Multiplayer/Content/SkeletalMeshes/Orcs/Orc_03/PhyA_Girra.uasset" 177
"../../../../../Create/Projects/Unreal/Orcs_Multiplayer/Content/SkeletalMeshes/Orcs/Orc_03/SK_Girra.uasset" 178
"../../../../../Create/Projects/Unreal/Orcs_Multiplayer/Content/SkeletalMeshes/Orcs/Orc_03/SKM_Girra.uasset" 179
"../../../../../Create/Projects/Unreal/Orcs_Multiplayer/Content/SkeletalMeshes/Orcs/Orc_03/Animations/Orc_3_Attack_1_.uasset" 180
"../../../../../Create/Projects/Unreal/Orcs_Multiplayer/Content/SkeletalMeshes/Orcs/Orc_03/Animations/Orc_3_Attack_2_.uasset" 181
"../../../../../Create/Projects/Unreal/Orcs_Multiplayer/Content/SkeletalMeshes/Orcs/Orc_03/Animations/Orc_3_Attack_3_.uasset" 182
"../../../../../Create/Projects/Unreal/Orcs_Multiplayer/Content/SkeletalMeshes/Orcs/Orc_03/Animations/Orc_3_Attack_4_.uasset" 183
"../../../../../Create/Projects/Unreal/Orcs_Multiplayer/Content/SkeletalMeshes/Orcs/Orc_03/Animations/Orc_3_Dead.uasset" 184
"../../../../../Create/Projects/Unreal/Orcs_Multiplayer/Content/SkeletalMeshes/Orcs/Orc_03/Animations/Orc_3_Dead_L.uasset" 185
"../../../../../Create/Projects/Unreal/Orcs_Multiplayer/Content/SkeletalMeshes/Orcs/Orc_03/Animations/Orc_3_Dead_R.uasset" 186
"../../../../../Create/Projects/Unreal/Orcs_Multiplayer/Content/SkeletalMeshes/Orcs/Orc_03/Animations/Orc_3_Get_Hit.uasset" 187
"../../../../../Create/Projects/Unreal/Orcs_Multiplayer/Content/SkeletalMeshes/Orcs/Orc_03/Animations/Orc_3_Idle.uasset" 188
"../../../../../Create/Projects/Unreal/Orcs_Multiplayer/Content/SkeletalMeshes/Orcs/Orc_03/Animations/Orc_3_Idle_Other.uasset" 189
"../../../../../Create/Projects/Unreal/Orcs_Multiplayer/Content/SkeletalMeshes/Orcs/Orc_03/Animations/Orc_3_Jump.uasset" 190
"../../../../../Create/Projects/Unreal/Orcs_Multiplayer/Content/SkeletalMeshes/Orcs/Orc_03/Animations/Orc_3_Run.uasset" 191
"../../../../../Create/Projects/Unreal/Orcs_Multiplayer/Content/SkeletalMeshes/Orcs/Orc_03/Animations/Orc_3_Shout.uasset" 192
"../../../../../Create/Projects/Unreal/Orcs_Multiplayer/Content/SkeletalMeshes/Orcs/Orc_03/Animations/Orc_3_Walk.uasset" 193
"../../../../../Create/Projects/Unreal/Orcs_Multiplayer/Content/Sounds/hurt01.uasset" 194
"../../../../../Create/Projects/Unreal/Orcs_Multiplayer/Content/Sounds/hurt02.uasset" 195
"../../../../../Create/Projects/Unreal/Orcs_Multiplayer/Content/Sounds/stepstone_2.uasset" 196
"../../../../../Create/Projects/Unreal/Orcs_Multiplayer/Content/Sounds/stepstone_4.uasset" 197
"../../../../../Create/Projects/Unreal/Orcs_Multiplayer/Content/Textures/Menu/T_Blood_splat.uasset" 198
"../../../Engine/Content/Animation/DefaultAnimCurveCompressionSettings.uasset" 199
"../../../Engine/Content/ArtTools/RenderToTexture/Meshes/S_1_Unit_Plane.uasset" 200
"../../../Engine/Content/EngineMaterials/DefaultMaterial.uasset" 201
"../../../Engine/Content/BasicShapes/Cone.uasset" 202
"../../../Engine/Content/BasicShapes/Cube.uasset" 203
"../../../Engine/Content/BasicShapes/Cylinder.uasset" 204
"../../../Engine/Content/BasicShapes/Plane.uasset" 205
"../../../Engine/Content/BasicShapes/Sphere.uasset" 206
"../../../Engine/Content/EditorLandscapeResources/DataLayer.uasset" 207
"../../../Engine/Content/EditorMaterials/MAT_Groups_Toggle.uasset" 208
"../../../Engine/Content/EditorMaterials/MAT_Groups_Visibility.uasset" 209
"../../../Engine/Content/EditorMaterials/PreviewShadowIndicator.uasset" 210
"../../../Engine/Content/EditorMaterials/PreviewShadowIndicatorMaterial.uasset" 211
"../../../Engine/Content/EditorMaterials/MatineeGroups/MAT_ColorTrack.uasset" 212
"../../../Engine/Content/EditorMaterials/MatineeGroups/MAT_Groups_Anim.uasset" 213
"../../../Engine/Content/EditorMaterials/MatineeGroups/MAT_Groups_AudioMaster.uasset" 214
"../../../Engine/Content/EditorMaterials/MatineeGroups/MAT_Groups_Director.uasset" 215
"../../../Engine/Content/EditorMaterials/MatineeGroups/MAT_Groups_Event.uasset" 216
"../../../Engine/Content/EditorMaterials/MatineeGroups/MAT_Groups_Fade.uasset" 217
"../../../Engine/Content/EditorMaterials/MatineeGroups/MAT_Groups_Float.uasset" 218
"../../../Engine/Content/EditorMaterials/MatineeGroups/MAT_Groups_Move.uasset" 219
"../../../Engine/Content/EditorMaterials/MatineeGroups/MAT_Groups_Slomo.uasset" 220
"../../../Engine/Content/EditorMaterials/MatineeGroups/MAT_Groups_Sound.uasset" 221
"../../../Engine/Content/EditorMaterials/MatineeGroups/MAT_Groups_Vector.uasset" 222
"../../../Engine/Content/EditorMaterials/ParticleSystems/PSysThumbnail_NoImage.uasset" 223
"../../../Engine/Content/EditorMaterials/ParticleSystems/PSysThumbnail_OOD.uasset" 224
"../../../Engine/Content/EditorMaterials/Camera/CineMat.uasset" 225
"../../../Engine/Content/EditorMaterials/Camera/MI_CineMat_Rig.uasset" 226
"../../../Engine/Content/EditorMeshes/Camera/SM_CraneRig_Arm.uasset" 227
"../../../Engine/Content/EditorMeshes/Camera/SM_CraneRig_Base.uasset" 228
"../../../Engine/Content/EditorMeshes/Camera/SM_CraneRig_Body.uasset" 229
"../../../Engine/Content/EditorMeshes/Camera/SM_CraneRig_Mount.uasset" 230
"../../../Engine/Content/EditorMeshes/Camera/SM_RailRig_Mount.uasset" 231
"../../../Engine/Content/EditorMeshes/Camera/SM_RailRig_Track.uasset" 232
"../../../Engine/Content/EditorResources/BSPVertex.uasset" 233
"../../../Engine/Content/EditorResources/EmptyActor.uasset" 234
"../../../Engine/Content/EditorResources/S_Actor.uasset" 235
"../../../Engine/Content/EditorResources/S_Note.uasset" 236
"../../../Engine/Content/EditorResources/S_Solver.uasset" 237
"../../../Engine/Content/EditorResources/S_Trigger.uasset" 238
"../../../Engine/Content/EditorResources/LightIcons/S_LightError.uasset" 239
"../../../Engine/Content/EditorResources/SequenceRecorder/Countdown.uasset" 240
"../../../Engine/Content/EditorResources/SequenceRecorder/RecordingIndicator.uasset" 241
"../../../Engine/Content/EditorSounds/Notifications/CompileFailed.uasset" 242
"../../../Engine/Content/EditorSounds/Notifications/CompileFailed_Cue.uasset" 243
"../../../Engine/Content/EditorSounds/Notifications/CompileSuccess.uasset" 244
"../../../Engine/Content/EditorSounds/Notifications/CompileStart_Cue.uasset" 245
"../../../Engine/Content/EditorSounds/Notifications/CompileSuccess_Cue.uasset" 246
"../../../Engine/Content/EngineDamageTypes/DmgTypeBP_Environmental.uasset" 247
"../../../Engine/Content/EngineDebugMaterials/DebugEditorMaterial.uasset" 248
"../../../Engine/Content/EngineDebugMaterials/DebugMeshMaterial.uasset" 249
"../../../Engine/Content/EngineDebugMaterials/M_SimpleUnlitTranslucent.uasset" 250
"../../../Engine/Content/Functions/Engine_MaterialFunctions02/Utility/CameraDirectionVector.uasset" 251
"../../../Engine/Content/EngineDebugMaterials/VolumeToRender.uasset" 252
"../../../Engine/Content/EngineDebugMaterials/M_VolumeRenderSphereTracePP.uasset" 253
"../../../Engine/Content/EngineDebugMaterials/WireframeMaterial.uasset" 254
"../../../Engine/Content/EngineFonts/Faces/DroidSansFallback.uasset" 255
"../../../Engine/Content/EngineFonts/Faces/RobotoBold.uasset" 256
"../../../Engine/Content/EngineFonts/Faces/RobotoBoldItalic.uasset" 257
"../../../Engine/Content/EngineFonts/Faces/RobotoItalic.uasset" 258
"../../../Engine/Content/EngineFonts/Faces/RobotoLight.uasset" 259
"../../../Engine/Content/EngineFonts/Faces/RobotoRegular.uasset" 260
"../../../Engine/Content/EngineFonts/Roboto.uasset" 261
"../../../Engine/Content/EngineMaterials/BaseFlattenDiffuseMap.uasset" 262
"../../../Engine/Content/EngineMaterials/BaseFlattenEmissiveMap.uasset" 263
"../../../Engine/Content/EngineMaterials/BaseFlattenGrayscaleMap.uasset" 264
"../../../Engine/Content/EngineMaterials/BaseFlattenNormalMap.uasset" 265
"../../../Engine/Content/EngineMaterials/BaseFlattenMaterial.uasset" 266
"../../../Engine/Content/EngineMaterials/BlueNoise.uasset" 267
"../../../Engine/Content/EngineMaterials/DefaultBloomKernel.uasset" 268
"../../../Engine/Content/EngineMaterials/DefaultBokeh.uasset" 269
"../../../Engine/Content/EngineMaterials/DefaultDiffuse.uasset" 270
"../../../Engine/Content/EngineMaterials/DefaultDeferredDecalMaterial.uasset" 271
"../../../Engine/Content/EngineMaterials/DefaultLightFunctionMaterial.uasset" 272
"../../../Engine/Content/EngineMaterials/DefaultPhysicalMaterial.uasset" 273
"../../../Engine/Content/Functions/Engine_MaterialFunctions02/Utility/BreakOutFloat2Components.uasset" 274
"../../../Engine/Content/EngineMaterials/DefaultPostProcessMaterial.uasset" 275
"../../../Engine/Content/EngineFonts/RobotoDistanceField.uasset" 276
"../../../Engine/Content/EngineMaterials/DefaultTextMaterialOpaque.uasset" 277
"../../../Engine/Content/EngineMaterials/DefaultWhiteGrid.uasset" 278
"../../../Engine/Content/EngineMaterials/DefaultWhiteGrid_Low.uasset" 279
"../../../Engine/Content/EngineMaterials/EmissiveMeshMaterial.uasset" 280
"../../../Engine/Content/EngineMaterials/GizmoMaterial.uasset" 281
"../../../Engine/Content/EngineMaterials/Good64x64TilingNoiseHighFreq.uasset" 282
"../../../Engine/Content/EngineMaterials/MiniFont.uasset" 283
"../../../Engine/Content/EngineMaterials/InvalidLightmapSettings.uasset" 284
"../../../Engine/Content/EngineMaterials/M_InvalidLightmapSettings.uasset" 285
"../../../Engine/Content/Functions/Engine_MaterialFunctions02/WorldPositionOffset/CameraOffset.uasset" 286
"../../../Engine/Content/EngineMaterials/PhAT_JointLimitMaterial.uasset" 287
"../../../Engine/Content/EngineMaterials/PreintegratedSkinBRDF.uasset" 288
"../../../Engine/Content/EngineMaterials/RemoveSurfaceMaterial.uasset" 289
"../../../Engine/Content/EngineMaterials/WeightMapPlaceholderTexture.uasset" 290
"../../../Engine/Content/EngineResources/WhiteSquareTexture.uasset" 291
"../../../Engine/Content/EngineMaterials/Widget3DPassThrough.uasset" 292
"../../../Engine/Content/EngineMaterials/Widget3DPassThrough_Masked.uasset" 293
"../../../Engine/Content/EngineMaterials/Widget3DPassThrough_Opaque.uasset" 294
"../../../Engine/Content/EngineMaterials/Widget3DPassThrough_Masked_OneSided.uasset" 295
"../../../Engine/Content/EngineMaterials/Widget3DPassThrough_Opaque_OneSided.uasset" 296
"../../../Engine/Content/EngineMaterials/Widget3DPassThrough_Translucent.uasset" 297
"../../../Engine/Content/EngineMaterials/Widget3DPassThrough_Translucent_OneSided.uasset" 298
"../../../Engine/Content/EngineMeshes/Cylinder.uasset" 299
"../../../Engine/Content/EngineMeshes/Sphere.uasset" 300
"../../../Engine/Content/EngineResources/Black.uasset" 301
"../../../Engine/Content/EngineResources/DefaultTexture.uasset" 302
"../../../Engine/Content/EngineResources/DefaultTextureCube.uasset" 303
"../../../Engine/Content/EngineResources/DefaultVolumeTexture2D.uasset" 304
"../../../Engine/Content/EngineResources/DefaultVolumeTexture.uasset" 305
"../../../Engine/Content/EngineResources/GradientTexture0.uasset" 306
"../../../Engine/Content/EngineSounds/Master.uasset" 307
"../../../Engine/Content/Functions/Engine_MaterialFunctions01/Shading/ConvertFromDiffSpec.uasset" 308
"../../../Engine/Content/Functions/Engine_MaterialFunctions01/Shading/PowerToRoughness.uasset" 309
"../../../Engine/Content/Maps/Templates/Thumbnails/Default.uasset" 310
"../../../Engine/Content/Maps/Templates/Thumbnails/TimeOfDay.uasset" 311
"../../../Engine/Content/Maps/Templates/Thumbnails/VR-Basic.uasset" 312
"../../../Engine/Content/MobileResources/T_MobileControls_texture.uasset" 313
"../../../Engine/Content/MobileResources/T_MobileMenu2.uasset" 314
"../../../Engine/Content/MobileResources/HUD/AnalogHat.uasset" 315
"../../../Engine/Content/MobileResources/HUD/VirtualJoystick_Background.uasset" 316
"../../../Engine/Content/MobileResources/HUD/VirtualJoystick_Thumb.uasset" 317
"../../../Engine/Content/MobileResources/HUD/DefaultVirtualJoysticks.uasset" 318
"../../../Engine/Content/MobileResources/HUD/LeftVirtualJoystickOnly.uasset" 319
"../../../Engine/Content/MobileResources/HUD/MobileHUDButton1_off.uasset" 320
"../../../Engine/Content/MobileResources/HUD/MobileHUDButton1_on.uasset" 321
"../../../Engine/Content/MobileResources/HUD/MobileHUDButton2_off.uasset" 322
"../../../Engine/Content/MobileResources/HUD/MobileHUDButton2_on.uasset" 323
"../../../Engine/Content/MobileResources/HUD/MobileHUDButton3.uasset" 324
"../../../Engine/Content/MobileResources/HUD/MobileHUDButtonFire.uasset" 325
"../../../Engine/Content/MobileResources/HUD/MobileHUDDirectionPad.uasset" 326
"../../../Engine/Content/MobileResources/HUD/MobileHUDDirectionPad2.uasset" 327
"../../../Engine/Content/MobileResources/HUD/MobileHUDDirectionPad3.uasset" 328
"../../../Engine/Content/MobileResources/HUD/MobileHUDDirectionStick.uasset" 329
"../../../Engine/Content/MobileResources/HUD/T_Castle_ThumbstickInner.uasset" 330
"../../../Engine/Content/MobileResources/HUD/T_Castle_ThumbstickOutter.uasset" 331
"../../../Engine/Content/Tutorial/ContentIntroCurve.uasset" 332
"../../../Engine/Content/Tutorial/Basics/LevelEditorAttract.uasset" 333
"../../../Engine/Content/Tutorial/Basics/TutorialAssets/icon_tab_Levels_40x.uasset" 334
"../../../Engine/Content/Tutorial/Basics/LevelEditorOverview.uasset" 335
"../../../Engine/Content/Tutorial/BlueprintTutorials/TutorialAssets/Blueprint_64x.uasset" 336
"../../../Engine/Content/Tutorial/BlueprintTutorials/BlueprintEditorTutorial.uasset" 337
"../../../Engine/Content/VREditor/LaserPointer/VR_LaserPower_01.uasset" 338
"../../../Engine/Content/VREditor/TransformGizmo/TransformGizmoMaterial.uasset" 339
"../../../Engine/Content/VREditor/TransformGizmo/TranslucentTransformGizmoMaterial.uasset" 340
"../../../Engine/Content/VREditor/TransformGizmo/BoundingBoxCorner.uasset" 341
"../../../Engine/Content/VREditor/TransformGizmo/BoundingBoxEdge.uasset" 342
"../../../Engine/Content/VREditor/TransformGizmo/PlaneTranslationHandle.uasset" 343
"../../../Engine/Content/VREditor/TransformGizmo/Main.uasset" 344
"../../../Engine/Content/VREditor/TransformGizmo/Xray.uasset" 345
"../../../Engine/Content/VREditor/TransformGizmo/SM_Sequencer_Key.uasset" 346
"../../../Engine/Content/VREditor/TransformGizmo/SM_Sequencer_Node.uasset" 347
"../../Plugins/2D/Paper2D/Content/PlaceholderTextures/DummySpriteTexture.uasset" 348
"../../Plugins/2D/Paper2D/Content/DummySprite.uasset" 349
"../../Plugins/2D/Paper2D/Content/DefaultPaperTerrainMaterial.uasset" 350
"../../Plugins/2D/Paper2D/Content/DefaultSpriteMaterial.uasset" 351
"../../Plugins/2D/Paper2D/Content/MaskedUnlitSpriteMaterial.uasset" 352
"../../Plugins/2D/Paper2D/Content/OpaqueUnlitSpriteMaterial.uasset" 353
"../../Plugins/FX/Niagara/Content/Enums/ENiagaraBooleanLogicOps.uasset" 354
"../../Plugins/FX/Niagara/Content/Enums/ENiagaraCoordinateSpace.uasset" 355
"../../Plugins/FX/Niagara/Content/Enums/ENiagaraExpansionMode.uasset" 356
"../../Plugins/FX/Niagara/Content/Enums/ENiagaraOrientationAxis.uasset" 357
"../../Plugins/FX/Niagara/Content/Enums/ENiagaraRandomnessMode.uasset" 358
"../../../Engine/Content/Functions/Engine_MaterialFunctions02/Utility/BreakOutFloat4Components.uasset" 359
"../../../Engine/Content/Functions/Engine_MaterialFunctions02/Utility/MakeFloat2.uasset" 360
"../../../Engine/Content/Functions/Engine_MaterialFunctions02/Utility/MakeFloat3.uasset" 361
"../../Plugins/Runtime/Oculus/OculusVR/Content/Materials/OculusMR_ChromaKey.uasset" 362
"../../Plugins/Runtime/Oculus/OculusVR/Content/Materials/OculusMR_ChromaKey_Lit.uasset" 363
"../../Plugins/Runtime/Oculus/OculusVR/Content/Materials/OculusMR_OpaqueColoredMaterial.uasset" 364
"../../Plugins/Runtime/Oculus/OculusVR/Content/Materials/OculusMR_WhiteMaterial.uasset" 365
"../../../../../Create/Projects/Unreal/Orcs_Multiplayer/Content/SkeletalMeshes/Orcs/Orc_01/Animations/ABP_Orc01_Lobby.uasset" 366
"../../../../../Create/Projects/Unreal/Orcs_Multiplayer/Content/Blueprints/Actors/PlayerChars/Char_Lobby.uasset" 367
"../../../../../Create/Projects/Unreal/Orcs_Multiplayer/Content/Blueprints/Gameplay/BP_GameInstance.uasset" 368
"../../../../../Create/Projects/Unreal/Orcs_Multiplayer/Content/UI/WB_HUD_Lobby.uasset" 369
"../../../../../Create/Projects/Unreal/Orcs_Multiplayer/Content/Blueprints/Gameplay/PlayerCtrl_Lobby.uasset" 370
"../../../../../Create/Projects/Unreal/Orcs_Multiplayer/Content/Blueprints/Gameplay/GM_Lobby.uasset" 371
"../../../../../Create/Projects/Unreal/Orcs_Multiplayer/Content/Maps/Lobby_BuiltData.uasset" 372
"../../../../../Create/Projects/Unreal/Orcs_Multiplayer/Content/Materials/M_SkySphere_Lobby.uasset" 373
"../../../../../Create/Projects/Unreal/Orcs_Multiplayer/Content/StaticMeshes/Base.uasset" 374
"../../../../../Create/Projects/Unreal/Orcs_Multiplayer/Content/StaticMeshes/Sphere.uasset" 375
"../../../../../Create/Projects/Unreal/Orcs_Multiplayer/Content/Maps/Lobby.umap" 376
"../../../../../Create/Projects/Unreal/Orcs_Multiplayer/Content/Textures/Menu/T_MainMenu.uasset" 377
"../../../../../Create/Projects/Unreal/Orcs_Multiplayer/Content/Textures/Menu/T_red-paint-brush-stroke-1.uasset" 378
"../../../../../Create/Projects/Unreal/Orcs_Multiplayer/Content/Textures/Menu/T_Multiplayer_medievalArmy.uasset" 379
"../../../../../Create/Projects/Unreal/Orcs_Multiplayer/Content/UI/WB_MainMenu_Multiplayer_Internet.uasset" 380
"../../../../../Create/Projects/Unreal/Orcs_Multiplayer/Content/UI/WB_MainMenu_Multiplayer_LAN.uasset" 381
"../../../../../Create/Projects/Unreal/Orcs_Multiplayer/Content/UI/WB_MainMenu_Multiplayer.uasset" 382
"../../../../../Create/Projects/Unreal/Orcs_Multiplayer/Content/UI/WB_MainMenu.uasset" 383
"../../../../../Create/Projects/Unreal/Orcs_Multiplayer/Content/Blueprints/Gameplay/PlayerCtrl_MainMenu.uasset" 384
"../../../../../Create/Projects/Unreal/Orcs_Multiplayer/Content/Blueprints/Gameplay/GM_MainMenu.uasset" 385
"../../../../../Create/Projects/Unreal/Orcs_Multiplayer/Content/Maps/MainMenu.umap" 386
"../../../../../Create/Projects/Unreal/Orcs_Multiplayer/Content/Blueprints/Actors/BP_KillZ.uasset" 387
"../../../../../Create/Projects/Unreal/Orcs_Multiplayer/Content/Maps/Map01.umap" 388
"../../../Engine/Content/Maps/Entry_BuiltData.uasset" 389
"../../../Engine/Content/Maps/Entry.umap" 390
